0, 1.42673e+029, 1.51922e+029, 1.51922e+029, 3.76462e-039, 1.50705e+029, 1.51922e+029, 1.51185e+029
0.01, 1.42673e+029, 1.51922e+029, 1.51922e+029, 3.76462e-039, 1.50705e+029, 1.51922e+029, 1.51185e+029
0.02, 1.42673e+029, 1.51922e+029, 1.51922e+029, 3.76462e-039, 1.50705e+029, 1.51922e+029, 1.51185e+029
0.03, 1.42673e+029, 1.51922e+029, 1.51922e+029, 3.76462e-039, 1.50705e+029, 1.51922e+029, 1.51185e+029
0.04, 1.42673e+029, 1.51922e+029, 1.51922e+029, 3.76462e-039, 1.50705e+029, 1.51922e+029, 1.51185e+029
0.05, 1.42673e+029, 1.51922e+029, 1.51922e+029, 3.76462e-039, 1.50705e+029, 1.51922e+029, 1.51185e+029
0.06, 1.42673e+029, 1.51922e+029, 1.51922e+029, 3.76462e-039, 1.50705e+029, 1.51922e+029, 1.51185e+029
0.07, 1.42673e+029, 1.51922e+029, 1.51922e+029, 3.76462e-039, 1.50705e+029, 1.51922e+029, 1.51185e+029
0.08, 1.42673e+029, 1.51922e+029, 1.51922e+029, 3.76462e-039, 1.50705e+029, 1.51922e+029, 1.51185e+029
0.09, 1.42673e+029, 1.51922e+029, 1.51922e+029, 3.76462e-039, 1.50705e+029, 1.51922e+029, 1.51185e+029
0.1, 1.42673e+029, 1.51922e+029, 1.51922e+029, 3.76462e-039, 1.50705e+029, 1.51922e+029, 1.51185e+029
0.11, 1.42673e+029, 1.51922e+029, 1.51922e+029, 3.76462e-039, 1.50705e+029, 1.51922e+029, 1.51185e+029
0.12, 1.42673e+029, 1.51922e+029, 1.51922e+029, 3.76462e-039, 1.50705e+029, 1.51922e+029, 1.51185e+029
0.13, 1.42673e+029, 1.51922e+029, 1.51922e+029, 3.76462e-039, 1.50705e+029, 1.51922e+029, 1.51185e+029
0.14, 1.42673e+029, 1.51922e+029, 1.51922e+029, 3.76462e-039, 1.50705e+029, 1.51922e+029, 1.51185e+029
0.15, 1.42673e+029, 1.51922e+029, 1.51922e+029, 3.76462e-039, 1.50705e+029, 1.51922e+029, 1.51185e+029
0.16, 1.42673e+029, 1.51922e+029, 1.51922e+029, 3.76462e-039, 1.50705e+029, 1.51922e+029, 1.51185e+029
0.17, 1.42673e+029, 1.51922e+029, 1.51922e+029, 3.76462e-039, 1.50705e+029, 1.51922e+029, 1.51185e+029
0.18, 1.42673e+029, 1.51922e+029, 1.51922e+029, 3.76462e-039, 1.50705e+029, 1.51922e+029, 1.51185e+029
0.19, 1.42673e+029, 1.51922e+029, 1.51922e+029, 3.76462e-039, 1.50705e+029, 1.51922e+029, 1.51185e+029
0.2, 1.42673e+029, 1.51922e+029, 1.51922e+029, 3.76462e-039, 1.50705e+029, 1.51922e+029, 1.51185e+029
0.21, 1.42673e+029, 1.51922e+029, 1.51922e+029, 3.76462e-039, 1.50705e+029, 1.51922e+029, 1.51185e+029
0.22, 1.42673e+029, 1.51922e+029, 1.51922e+029, 3.76462e-039, 1.50705e+029, 1.51922e+029, 1.51185e+029
0.23, 1.42673e+029, 1.51922e+029, 1.51922e+029, 3.76462e-039, 1.50705e+029, 1.51922e+029, 1.51185e+029
0.24, 1.42673e+029, 1.51922e+029, 1.51922e+029, 3.76462e-039, 1.50705e+029, 1.51922e+029, 1.51185e+029
0.25, 1.42673e+029, 1.51922e+029, 1.51922e+029, 3.76462e-039, 1.50705e+029, 1.51922e+029, 1.51185e+029
0.26, 1.42673e+029, 1.51922e+029, 1.51922e+029, 3.76462e-039, 1.50705e+029, 1.51922e+029, 1.51185e+029
0.27, 1.42673e+029, 1.51922e+029, 1.51922e+029, 3.76462e-039, 1.50705e+029, 1.51922e+029, 1.51185e+029
0.28, 1.42673e+029, 1.51922e+029, 1.51922e+029, 3.76462e-039, 1.50705e+029, 1.51922e+029, 1.51185e+029
0.29, 1.42673e+029, 1.51922e+029, 1.51922e+029, 3.76462e-039, 1.50705e+029, 1.51922e+029, 1.51185e+029
0.3, 1.42673e+029, 1.51922e+029, 1.51922e+029, 3.76462e-039, 1.50705e+029, 1.51922e+029, 1.51185e+029
0.31, 1.42673e+029, 1.51922e+029, 1.51922e+029, 3.76462e-039, 1.50705e+029, 1.51922e+029, 1.51185e+029
0.32, 1.42673e+029, 1.51922e+029, 1.51922e+029, 3.76462e-039, 1.50705e+029, 1.51922e+029, 1.51185e+029
0.33, 1.42673e+029, 1.51922e+029, 1.51922e+029, 3.76462e-039, 1.50705e+029, 1.51922e+029, 1.51185e+029
0.34, 1.42673e+029, 1.51922e+029, 1.51922e+029, 3.76462e-039, 1.50705e+029, 1.51922e+029, 1.51185e+029
0.35, 1.42673e+029, 1.51922e+029, 1.51922e+029, 3.76462e-039, 1.50705e+029, 1.51922e+029, 1.51185e+029
0.36, 1.42673e+029, 1.51922e+029, 1.51922e+029, 3.76462e-039, 1.50705e+029, 1.51922e+029, 1.51185e+029
0.37, 1.42673e+029, 1.51922e+029, 1.51922e+029, 3.76462e-039, 1.50705e+029, 1.51922e+029, 1.51185e+029
0.38, 1.42673e+029, 1.51922e+029, 1.51922e+029, 3.76462e-039, 1.50705e+029, 1.51922e+029, 1.51185e+029
0.39, 1.42673e+029, 1.51922e+029, 1.51922e+029, 3.76462e-039, 1.50705e+029, 1.51922e+029, 1.51185e+029
0.4, 1.42673e+029, 1.51922e+029, 1.51922e+029, 3.76462e-039, 1.50705e+029, 1.51922e+029, 1.51185e+029
0.41, 1.42673e+029, 1.51922e+029, 1.51922e+029, 3.76462e-039, 1.50705e+029, 1.51922e+029, 1.51185e+029
0.42, 1.42673e+029, 1.51922e+029, 1.51922e+029, 3.76462e-039, 1.50705e+029, 1.51922e+029, 1.51185e+029
0.43, 1.42673e+029, 1.51922e+029, 1.51922e+029, 3.76462e-039, 1.50705e+029, 1.51922e+029, 1.51185e+029
0.44, 1.42673e+029, 1.51922e+029, 1.51922e+029, 3.76462e-039, 1.50705e+029, 1.51922e+029, 1.51185e+029
0.45, 1.42673e+029, 1.51922e+029, 1.51922e+029, 3.76462e-039, 1.50705e+029, 1.51922e+029, 1.51185e+029
0.46, 1.42673e+029, 1.51922e+029, 1.51922e+029, 3.76462e-039, 1.50705e+029, 1.51922e+029, 1.51185e+029
0.47, 1.42673e+029, 1.51922e+029, 1.51922e+029, 3.76462e-039, 1.50705e+029, 1.51922e+029, 1.51185e+029
0.48, 1.42673e+029, 1.51922e+029, 1.51922e+029, 3.76462e-039, 1.50705e+029, 1.51922e+029, 1.51185e+029
0.49, 1.42673e+029, 1.51922e+029, 1.51922e+029, 3.76462e-039, 1.50705e+029, 1.51922e+029, 1.51185e+029
0.5, 1.42673e+029, 1.51922e+029, 1.51922e+029, 3.76462e-039, 1.50705e+029, 1.51922e+029, 1.51185e+029
0.51, 1.42673e+029, 1.51922e+029, 1.51922e+029, 3.76462e-039, 1.50705e+029, 1.51922e+029, 1.51185e+029
0.52, 1.42673e+029, 1.51922e+029, 1.51922e+029, 3.76462e-039, 1.50705e+029, 1.51922e+029, 1.51185e+029
0.53, 1.42673e+029, 1.51922e+029, 1.51922e+029, 3.76462e-039, 1.50705e+029, 1.51922e+029, 1.51185e+029
0.54, 1.42673e+029, 1.51922e+029, 1.51922e+029, 3.76462e-039, 1.50705e+029, 1.51922e+029, 1.51185e+029
0.55, 1.42673e+029, 1.51922e+029, 1.51922e+029, 3.76462e-039, 1.50705e+029, 1.51922e+029, 1.51185e+029
0.56, 1.42673e+029, 1.51922e+029, 1.51922e+029, 3.76462e-039, 1.50705e+029, 1.51922e+029, 1.51185e+029
0.57, 1.42673e+029, 1.51922e+029, 1.51922e+029, 3.76462e-039, 1.50705e+029, 1.51922e+029, 1.51185e+029
0.58, 1.42673e+029, 1.51922e+029, 1.51922e+029, 3.76462e-039, 1.50705e+029, 1.51922e+029, 1.51185e+029
0.59, 1.42673e+029, 1.51922e+029, 1.51922e+029, 3.76462e-039, 1.50705e+029, 1.51922e+029, 1.51185e+029
0.6, 1.42673e+029, 1.51922e+029, 1.51922e+029, 3.76462e-039, 1.50705e+029, 1.51922e+029, 1.51185e+029
0.61, 1.42673e+029, 1.51922e+029, 1.51922e+029, 3.76462e-039, 1.50705e+029, 1.51922e+029, 1.51185e+029
0.62, 1.42673e+029, 1.51922e+029, 1.51922e+029, 3.76462e-039, 1.50705e+029, 1.51922e+029, 1.51185e+029
0.63, 1.42673e+029, 1.51922e+029, 1.51922e+029, 3.76462e-039, 1.50705e+029, 1.51922e+029, 1.51185e+029
0.64, 1.42673e+029, 1.51922e+029, 1.51922e+029, 3.76462e-039, 1.50705e+029, 1.51922e+029, 1.51185e+029
0.65, 1.42673e+029, 1.51922e+029, 1.51922e+029, 3.76462e-039, 1.50705e+029, 1.51922e+029, 1.51185e+029
0.66, 1.42673e+029, 1.51922e+029, 1.51922e+029, 3.76462e-039, 1.50705e+029, 1.51922e+029, 1.51185e+029
0.67, 1.42673e+029, 1.51922e+029, 1.51922e+029, 3.76462e-039, 1.50705e+029, 1.51922e+029, 1.51185e+029
0.68, 1.42673e+029, 1.51922e+029, 1.51922e+029, 3.76462e-039, 1.50705e+029, 1.51922e+029, 1.51185e+029
0.69, 1.42673e+029, 1.51922e+029, 1.51922e+029, 3.76462e-039, 1.50705e+029, 1.51922e+029, 1.51185e+029
0.7, 1.42673e+029, 1.51922e+029, 1.51922e+029, 3.76462e-039, 1.50705e+029, 1.51922e+029, 1.51185e+029
0.71, 1.42673e+029, 1.51922e+029, 1.51922e+029, 3.76462e-039, 1.50705e+029, 1.51922e+029, 1.51185e+029
0.72, 1.42673e+029, 1.51922e+029, 1.51922e+029, 3.76462e-039, 1.50705e+029, 1.51922e+029, 1.51185e+029
0.73, 1.42673e+029, 1.51922e+029, 1.51922e+029, 3.76462e-039, 1.50705e+029, 1.51922e+029, 1.51185e+029
0.74, 1.42673e+029, 1.51922e+029, 1.51922e+029, 3.76462e-039, 1.50705e+029, 1.51922e+029, 1.51185e+029
0.75, 1.42673e+029, 1.51922e+029, 1.51922e+029, 3.76462e-039, 1.50705e+029, 1.51922e+029, 1.51185e+029
0.76, 1.42673e+029, 1.51922e+029, 1.51922e+029, 3.76462e-039, 1.50705e+029, 1.51922e+029, 1.51185e+029
0.77, 1.42673e+029, 1.51922e+029, 1.51922e+029, 3.76462e-039, 1.50705e+029, 1.51922e+029, 1.51185e+029
0.78, 1.42673e+029, 1.51922e+029, 1.51922e+029, 3.76462e-039, 1.50705e+029, 1.51922e+029, 1.51185e+029
0.79, 1.42673e+029, 1.51922e+029, 1.51922e+029, 3.76462e-039, 1.50705e+029, 1.51922e+029, 1.51185e+029
0.8, 1.42673e+029, 1.51922e+029, 1.51922e+029, 3.76462e-039, 1.50705e+029, 1.51922e+029, 1.51185e+029
0.81, 1.42673e+029, 1.51922e+029, 1.51922e+029, 3.76462e-039, 1.50705e+029, 1.51922e+029, 1.51185e+029
0.82, 1.42673e+029, 1.51922e+029, 1.51922e+029, 3.76462e-039, 1.50705e+029, 1.51922e+029, 1.51185e+029
0.83, 1.42673e+029, 1.51922e+029, 1.51922e+029, 3.76462e-039, 1.50705e+029, 1.51922e+029, 1.51185e+029
0.839999, 1.42673e+029, 1.51922e+029, 1.51922e+029, 3.76462e-039, 1.50705e+029, 1.51922e+029, 1.51185e+029
0.849999, 1.42673e+029, 1.51922e+029, 1.51922e+029, 3.76462e-039, 1.50705e+029, 1.51922e+029, 1.51185e+029
0.859999, 1.42673e+029, 1.51922e+029, 1.51922e+029, 3.76462e-039, 1.50705e+029, 1.51922e+029, 1.51185e+029
0.869999, 1.42673e+029, 1.51922e+029, 1.51922e+029, 3.76462e-039, 1.50705e+029, 1.51922e+029, 1.51185e+029
0.879999, 1.42673e+029, 1.51922e+029, 1.51922e+029, 3.76462e-039, 1.50705e+029, 1.51922e+029, 1.51185e+029
0.889999, 1.42673e+029, 1.51922e+029, 1.51922e+029, 3.76462e-039, 1.50705e+029, 1.51922e+029, 1.51185e+029
0.899999, 1.42673e+029, 1.51922e+029, 1.51922e+029, 3.76462e-039, 1.50705e+029, 1.51922e+029, 1.51185e+029
0.909999, 1.42673e+029, 1.51922e+029, 1.51922e+029, 3.76462e-039, 1.50705e+029, 1.51922e+029, 1.51185e+029
0.919999, 1.42673e+029, 1.51922e+029, 1.51922e+029, 3.76462e-039, 1.50705e+029, 1.51922e+029, 1.51185e+029
0.929999, 1.42673e+029, 1.51922e+029, 1.51922e+029, 3.76462e-039, 1.50705e+029, 1.51922e+029, 1.51185e+029
0.939999, 1.42673e+029, 1.51922e+029, 1.51922e+029, 3.76462e-039, 1.50705e+029, 1.51922e+029, 1.51185e+029
0.949999, 1.42673e+029, 1.51922e+029, 1.51922e+029, 3.76462e-039, 1.50705e+029, 1.51922e+029, 1.51185e+029
0.959999, 1.42673e+029, 1.51922e+029, 1.51922e+029, 3.76462e-039, 1.50705e+029, 1.51922e+029, 1.51185e+029
0.969999, 1.42673e+029, 1.51922e+029, 1.51922e+029, 3.76462e-039, 1.50705e+029, 1.51922e+029, 1.51185e+029
0.979999, 1.42673e+029, 1.51922e+029, 1.51922e+029, 3.76462e-039, 1.50705e+029, 1.51922e+029, 1.51185e+029
0.989999, 1.42673e+029, 1.51922e+029, 1.51922e+029, 3.76462e-039, 1.50705e+029, 1.51922e+029, 1.51185e+029
0.999999, 1.42673e+029, 1.51922e+029, 1.51922e+029, 3.76462e-039, 1.50705e+029, 1.51922e+029, 1.51185e+029
1.01, 1.42673e+029, 1.51922e+029, 1.51922e+029, 3.76462e-039, 1.50705e+029, 1.51922e+029, 1.51185e+029
1.02, 1.42673e+029, 1.51922e+029, 1.51922e+029, 3.76462e-039, 1.50705e+029, 1.51922e+029, 1.51185e+029
1.03, 1.42673e+029, 1.51922e+029, 1.51922e+029, 3.76462e-039, 1.50705e+029, 1.51922e+029, 1.51185e+029
1.04, 1.42673e+029, 1.51922e+029, 1.51922e+029, 3.76462e-039, 1.50705e+029, 1.51922e+029, 1.51185e+029
1.05, 1.42673e+029, 1.51922e+029, 1.51922e+029, 3.76462e-039, 1.50705e+029, 1.51922e+029, 1.51185e+029
1.06, 1.42673e+029, 1.51922e+029, 1.51922e+029, 3.76462e-039, 1.50705e+029, 1.51922e+029, 1.51185e+029
1.07, 1.42673e+029, 1.51922e+029, 1.51922e+029, 3.76462e-039, 1.50705e+029, 1.51922e+029, 1.51185e+029
1.08, 1.42673e+029, 1.51922e+029, 1.51922e+029, 3.76462e-039, 1.50705e+029, 1.51922e+029, 1.51185e+029
1.09, 1.42673e+029, 1.51922e+029, 1.51922e+029, 3.76462e-039, 1.50705e+029, 1.51922e+029, 1.51185e+029
1.1, 1.42673e+029, 1.51922e+029, 1.51922e+029, 3.76462e-039, 1.50705e+029, 1.51922e+029, 1.51185e+029
1.11, 1.42673e+029, 1.51922e+029, 1.51922e+029, 3.76462e-039, 1.50705e+029, 1.51922e+029, 1.51185e+029
1.12, 1.42673e+029, 1.51922e+029, 1.51922e+029, 3.76462e-039, 1.50705e+029, 1.51922e+029, 1.51185e+029
1.13, 1.42673e+029, 1.51922e+029, 1.51922e+029, 3.76462e-039, 1.50705e+029, 1.51922e+029, 1.51185e+029
1.14, 1.42673e+029, 1.51922e+029, 1.51922e+029, 3.76462e-039, 1.50705e+029, 1.51922e+029, 1.51185e+029
1.15, 1.42673e+029, 1.51922e+029, 1.51922e+029, 3.76462e-039, 1.50705e+029, 1.51922e+029, 1.51185e+029
1.16, 1.42673e+029, 1.51922e+029, 1.51922e+029, 3.76462e-039, 1.50705e+029, 1.51922e+029, 1.51185e+029
1.17, 1.42673e+029, 1.51922e+029, 1.51922e+029, 3.76462e-039, 1.50705e+029, 1.51922e+029, 1.51185e+029
1.18, 1.42673e+029, 1.51922e+029, 1.51922e+029, 3.76462e-039, 1.50705e+029, 1.51922e+029, 1.51185e+029
1.19, 1.42673e+029, 1.51922e+029, 1.51922e+029, 3.76462e-039, 1.50705e+029, 1.51922e+029, 1.51185e+029
1.2, 1.42673e+029, 1.51922e+029, 1.51922e+029, 3.76462e-039, 1.50705e+029, 1.51922e+029, 1.51185e+029
1.21, 1.42673e+029, 1.51922e+029, 1.51922e+029, 3.76462e-039, 1.50705e+029, 1.51922e+029, 1.51185e+029
1.22, 1.42673e+029, 1.51922e+029, 1.51922e+029, 3.76462e-039, 1.50705e+029, 1.51922e+029, 1.51185e+029
1.23, 1.42673e+029, 1.51922e+029, 1.51922e+029, 3.76462e-039, 1.50705e+029, 1.51922e+029, 1.51185e+029
1.24, 1.42673e+029, 1.51922e+029, 1.51922e+029, 3.76462e-039, 1.50705e+029, 1.51922e+029, 1.51185e+029
1.25, 1.42673e+029, 1.51922e+029, 1.51922e+029, 3.76462e-039, 1.50705e+029, 1.51922e+029, 1.51185e+029
1.26, 1.42673e+029, 1.51922e+029, 1.51922e+029, 3.76462e-039, 1.50705e+029, 1.51922e+029, 1.51185e+029
1.27, 1.42673e+029, 1.51922e+029, 1.51922e+029, 3.76462e-039, 1.50705e+029, 1.51922e+029, 1.51185e+029
1.28, 1.42673e+029, 1.51922e+029, 1.51922e+029, 3.76462e-039, 1.50705e+029, 1.51922e+029, 1.51185e+029
1.29, 1.42673e+029, 1.51922e+029, 1.51922e+029, 3.76462e-039, 1.50705e+029, 1.51922e+029, 1.51185e+029
1.3, 1.42673e+029, 1.51922e+029, 1.51922e+029, 3.76462e-039, 1.50705e+029, 1.51922e+029, 1.51185e+029
1.31, 1.42673e+029, 1.51922e+029, 1.51922e+029, 3.76462e-039, 1.50705e+029, 1.51922e+029, 1.51185e+029
1.32, 1.42673e+029, 1.51922e+029, 1.51922e+029, 3.76462e-039, 1.50705e+029, 1.51922e+029, 1.51185e+029
1.33, 1.42673e+029, 1.51922e+029, 1.51922e+029, 3.76462e-039, 1.50705e+029, 1.51922e+029, 1.51185e+029
1.34, 1.42673e+029, 1.51922e+029, 1.51922e+029, 3.76462e-039, 1.50705e+029, 1.51922e+029, 1.51185e+029
1.35, 1.42673e+029, 1.51922e+029, 1.51922e+029, 3.76462e-039, 1.50705e+029, 1.51922e+029, 1.51185e+029
1.36, 1.42673e+029, 1.51922e+029, 1.51922e+029, 3.76462e-039, 1.50705e+029, 1.51922e+029, 1.51185e+029
1.37, 1.42673e+029, 1.51922e+029, 1.51922e+029, 3.76462e-039, 1.50705e+029, 1.51922e+029, 1.51185e+029
1.38, 1.42673e+029, 1.51922e+029, 1.51922e+029, 3.76462e-039, 1.50705e+029, 1.51922e+029, 1.51185e+029
1.39, 1.42673e+029, 1.51922e+029, 1.51922e+029, 3.76462e-039, 1.50705e+029, 1.51922e+029, 1.51185e+029
1.4, 1.42673e+029, 1.51922e+029, 1.51922e+029, 3.76462e-039, 1.50705e+029, 1.51922e+029, 1.51185e+029
1.41, 1.42673e+029, 1.51922e+029, 1.51922e+029, 3.76462e-039, 1.50705e+029, 1.51922e+029, 1.51185e+029
1.42, 1.42673e+029, 1.51922e+029, 1.51922e+029, 3.76462e-039, 1.50705e+029, 1.51922e+029, 1.51185e+029
1.43, 1.42673e+029, 1.51922e+029, 1.51922e+029, 3.76462e-039, 1.50705e+029, 1.51922e+029, 1.51185e+029
1.44, 1.42673e+029, 1.51922e+029, 1.51922e+029, 3.76462e-039, 1.50705e+029, 1.51922e+029, 1.51185e+029
1.45, 1.42673e+029, 1.51922e+029, 1.51922e+029, 3.76462e-039, 1.50705e+029, 1.51922e+029, 1.51185e+029
1.46, 1.42673e+029, 1.51922e+029, 1.51922e+029, 3.76462e-039, 1.50705e+029, 1.51922e+029, 1.51185e+029
1.47, 1.42673e+029, 1.51922e+029, 1.51922e+029, 3.76462e-039, 1.50705e+029, 1.51922e+029, 1.51185e+029
1.48, 1.42673e+029, 1.51922e+029, 1.51922e+029, 3.76462e-039, 1.50705e+029, 1.51922e+029, 1.51185e+029
1.49, 1.42673e+029, 1.51922e+029, 1.51922e+029, 3.76462e-039, 1.50705e+029, 1.51922e+029, 1.51185e+029
1.5, 1.42673e+029, 1.51922e+029, 1.51922e+029, 3.76462e-039, 1.50705e+029, 1.51922e+029, 1.51185e+029
1.51, 1.42673e+029, 1.51922e+029, 1.51922e+029, 3.76462e-039, 1.50705e+029, 1.51922e+029, 1.51185e+029
1.52, 1.42673e+029, 1.51922e+029, 1.51922e+029, 3.76462e-039, 1.50705e+029, 1.51922e+029, 1.51185e+029
1.53, 1.42673e+029, 1.51922e+029, 1.51922e+029, 3.76462e-039, 1.50705e+029, 1.51922e+029, 1.51185e+029
1.54, 1.42673e+029, 1.51922e+029, 1.51922e+029, 3.76462e-039, 1.50705e+029, 1.51922e+029, 1.51185e+029
1.55, 1.42673e+029, 1.51922e+029, 1.51922e+029, 3.76462e-039, 1.50705e+029, 1.51922e+029, 1.51185e+029
1.56, 1.42673e+029, 1.51922e+029, 1.51922e+029, 3.76462e-039, 1.50705e+029, 1.51922e+029, 1.51185e+029
1.57, 1.42673e+029, 1.51922e+029, 1.51922e+029, 3.76462e-039, 1.50705e+029, 1.51922e+029, 1.51185e+029
1.58, 1.42673e+029, 1.51922e+029, 1.51922e+029, 3.76462e-039, 1.50705e+029, 1.51922e+029, 1.51185e+029
1.59, 1.42673e+029, 1.51922e+029, 1.51922e+029, 3.76462e-039, 1.50705e+029, 1.51922e+029, 1.51185e+029
1.6, 1.42673e+029, 1.51922e+029, 1.51922e+029, 3.76462e-039, 1.50705e+029, 1.51922e+029, 1.51185e+029
1.61, 1.42673e+029, 1.51922e+029, 1.51922e+029, 3.76462e-039, 1.50705e+029, 1.51922e+029, 1.51185e+029
1.62, 1.42673e+029, 1.51922e+029, 1.51922e+029, 3.76462e-039, 1.50705e+029, 1.51922e+029, 1.51185e+029
1.63, 1.42673e+029, 1.51922e+029, 1.51922e+029, 3.76462e-039, 1.50705e+029, 1.51922e+029, 1.51185e+029
1.64, 1.42673e+029, 1.51922e+029, 1.51922e+029, 3.76462e-039, 1.50705e+029, 1.51922e+029, 1.51185e+029
1.65, 1.42673e+029, 1.51922e+029, 1.51922e+029, 3.76462e-039, 1.50705e+029, 1.51922e+029, 1.51185e+029
1.66, 1.42673e+029, 1.51922e+029, 1.51922e+029, 3.76462e-039, 1.50705e+029, 1.51922e+029, 1.51185e+029
1.67, 1.42673e+029, 1.51922e+029, 1.51922e+029, 3.76462e-039, 1.50705e+029, 1.51922e+029, 1.51185e+029
1.68, 1.42673e+029, 1.51922e+029, 1.51922e+029, 3.76462e-039, 1.50705e+029, 1.51922e+029, 1.51185e+029
1.69, 1.42673e+029, 1.51922e+029, 1.51922e+029, 3.76462e-039, 1.50705e+029, 1.51922e+029, 1.51185e+029
1.7, 1.42673e+029, 1.51922e+029, 1.51922e+029, 3.76462e-039, 1.50705e+029, 1.51922e+029, 1.51185e+029
1.71, 1.42673e+029, 1.51922e+029, 1.51922e+029, 3.76462e-039, 1.50705e+029, 1.51922e+029, 1.51185e+029
1.72, 1.42673e+029, 1.51922e+029, 1.51922e+029, 3.76462e-039, 1.50705e+029, 1.51922e+029, 1.51185e+029
1.73, 1.42673e+029, 1.51922e+029, 1.51922e+029, 3.76462e-039, 1.50705e+029, 1.51922e+029, 1.51185e+029
1.74, 1.42673e+029, 1.51922e+029, 1.51922e+029, 3.76462e-039, 1.50705e+029, 1.51922e+029, 1.51185e+029
1.75, 1.42673e+029, 1.51922e+029, 1.51922e+029, 3.76462e-039, 1.50705e+029, 1.51922e+029, 1.51185e+029
1.76, 1.42673e+029, 1.51922e+029, 1.51922e+029, 3.76462e-039, 1.50705e+029, 1.51922e+029, 1.51185e+029
1.77, 1.42673e+029, 1.51922e+029, 1.51922e+029, 3.76462e-039, 1.50705e+029, 1.51922e+029, 1.51185e+029
1.78, 1.42673e+029, 1.51922e+029, 1.51922e+029, 3.76462e-039, 1.50705e+029, 1.51922e+029, 1.51185e+029
1.79, 1.42673e+029, 1.51922e+029, 1.51922e+029, 3.76462e-039, 1.50705e+029, 1.51922e+029, 1.51185e+029
1.8, 1.42673e+029, 1.51922e+029, 1.51922e+029, 3.76462e-039, 1.50705e+029, 1.51922e+029, 1.51185e+029
1.81, 1.42673e+029, 1.51922e+029, 1.51922e+029, 3.76462e-039, 1.50705e+029, 1.51922e+029, 1.51185e+029
1.82, 1.42673e+029, 1.51922e+029, 1.51922e+029, 3.76462e-039, 1.50705e+029, 1.51922e+029, 1.51185e+029
1.83, 1.42673e+029, 1.51922e+029, 1.51922e+029, 3.76462e-039, 1.50705e+029, 1.51922e+029, 1.51185e+029
1.84, 1.42673e+029, 1.51922e+029, 1.51922e+029, 3.76462e-039, 1.50705e+029, 1.51922e+029, 1.51185e+029
1.85, 1.42673e+029, 1.51922e+029, 1.51922e+029, 3.76462e-039, 1.50705e+029, 1.51922e+029, 1.51185e+029
1.86, 1.42673e+029, 1.51922e+029, 1.51922e+029, 3.76462e-039, 1.50705e+029, 1.51922e+029, 1.51185e+029
1.87, 1.42673e+029, 1.51922e+029, 1.51922e+029, 3.76462e-039, 1.50705e+029, 1.51922e+029, 1.51185e+029
1.88, 1.42673e+029, 1.51922e+029, 1.51922e+029, 3.76462e-039, 1.50705e+029, 1.51922e+029, 1.51185e+029
1.89, 1.42673e+029, 1.51922e+029, 1.51922e+029, 3.76462e-039, 1.50705e+029, 1.51922e+029, 1.51185e+029
1.9, 1.42673e+029, 1.51922e+029, 1.51922e+029, 3.76462e-039, 1.50705e+029, 1.51922e+029, 1.51185e+029
1.91, 1.42673e+029, 1.51922e+029, 1.51922e+029, 3.76462e-039, 1.50705e+029, 1.51922e+029, 1.51185e+029
1.92, 1.42673e+029, 1.51922e+029, 1.51922e+029, 3.76462e-039, 1.50705e+029, 1.51922e+029, 1.51185e+029
1.93, 1.42673e+029, 1.51922e+029, 1.51922e+029, 3.76462e-039, 1.50705e+029, 1.51922e+029, 1.51185e+029
1.94, 1.42673e+029, 1.51922e+029, 1.51922e+029, 3.76462e-039, 1.50705e+029, 1.51922e+029, 1.51185e+029
1.95, 1.42673e+029, 1.51922e+029, 1.51922e+029, 3.76462e-039, 1.50705e+029, 1.51922e+029, 1.51185e+029
1.96, 1.42673e+029, 1.51922e+029, 1.51922e+029, 3.76462e-039, 1.50705e+029, 1.51922e+029, 1.51185e+029
1.97, 1.42673e+029, 1.51922e+029, 1.51922e+029, 3.76462e-039, 1.50705e+029, 1.51922e+029, 1.51185e+029
1.98, 1.42673e+029, 1.51922e+029, 1.51922e+029, 3.76462e-039, 1.50705e+029, 1.51922e+029, 1.51185e+029
1.99, 1.42673e+029, 1.51922e+029, 1.51922e+029, 3.76462e-039, 1.50705e+029, 1.51922e+029, 1.51185e+029
2, 1.42673e+029, 1.51922e+029, 1.51922e+029, 3.76462e-039, 1.50705e+029, 1.51922e+029, 1.51185e+029
2.01, 1.42673e+029, 1.51922e+029, 1.51922e+029, 3.76462e-039, 1.50705e+029, 1.51922e+029, 1.51185e+029
2.02, 1.42673e+029, 1.51922e+029, 1.51922e+029, 3.76462e-039, 1.50705e+029, 1.51922e+029, 1.51185e+029
2.03, 1.42673e+029, 1.51922e+029, 1.51922e+029, 3.76462e-039, 1.50705e+029, 1.51922e+029, 1.51185e+029
2.04, 1.42673e+029, 1.51922e+029, 1.51922e+029, 3.76462e-039, 1.50705e+029, 1.51922e+029, 1.51185e+029
2.05, 1.42673e+029, 1.51922e+029, 1.51922e+029, 3.76462e-039, 1.50705e+029, 1.51922e+029, 1.51185e+029
2.06, 1.42673e+029, 1.51922e+029, 1.51922e+029, 3.76462e-039, 1.50705e+029, 1.51922e+029, 1.51185e+029
2.07, 1.42673e+029, 1.51922e+029, 1.51922e+029, 3.76462e-039, 1.50705e+029, 1.51922e+029, 1.51185e+029
2.08, 1.42673e+029, 1.51922e+029, 1.51922e+029, 3.76462e-039, 1.50705e+029, 1.51922e+029, 1.51185e+029
2.09, 1.42673e+029, 1.51922e+029, 1.51922e+029, 3.76462e-039, 1.50705e+029, 1.51922e+029, 1.51185e+029
2.1, 1.42673e+029, 1.51922e+029, 1.51922e+029, 3.76462e-039, 1.50705e+029, 1.51922e+029, 1.51185e+029
2.11, 1.42673e+029, 1.51922e+029, 1.51922e+029, 3.76462e-039, 1.50705e+029, 1.51922e+029, 1.51185e+029
2.12, 1.42673e+029, 1.51922e+029, 1.51922e+029, 3.76462e-039, 1.50705e+029, 1.51922e+029, 1.51185e+029
2.13, 1.42673e+029, 1.51922e+029, 1.51922e+029, 3.76462e-039, 1.50705e+029, 1.51922e+029, 1.51185e+029
2.14, 1.42673e+029, 1.51922e+029, 1.51922e+029, 3.76462e-039, 1.50705e+029, 1.51922e+029, 1.51185e+029
2.15, 1.42673e+029, 1.51922e+029, 1.51922e+029, 3.76462e-039, 1.50705e+029, 1.51922e+029, 1.51185e+029
2.16, 1.42673e+029, 1.51922e+029, 1.51922e+029, 3.76462e-039, 1.50705e+029, 1.51922e+029, 1.51185e+029
2.17, 1.42673e+029, 1.51922e+029, 1.51922e+029, 3.76462e-039, 1.50705e+029, 1.51922e+029, 1.51185e+029
2.18, 1.42673e+029, 1.51922e+029, 1.51922e+029, 3.76462e-039, 1.50705e+029, 1.51922e+029, 1.51185e+029
2.19, 1.42673e+029, 1.51922e+029, 1.51922e+029, 3.76462e-039, 1.50705e+029, 1.51922e+029, 1.51185e+029
2.2, 1.42673e+029, 1.51922e+029, 1.51922e+029, 3.76462e-039, 1.50705e+029, 1.51922e+029, 1.51185e+029
2.21, 1.42673e+029, 1.51922e+029, 1.51922e+029, 3.76462e-039, 1.50705e+029, 1.51922e+029, 1.51185e+029
2.22, 1.42673e+029, 1.51922e+029, 1.51922e+029, 3.76462e-039, 1.50705e+029, 1.51922e+029, 1.51185e+029
2.23, 1.42673e+029, 1.51922e+029, 1.51922e+029, 3.76462e-039, 1.50705e+029, 1.51922e+029, 1.51185e+029
2.24, 1.42673e+029, 1.51922e+029, 1.51922e+029, 3.76462e-039, 1.50705e+029, 1.51922e+029, 1.51185e+029
2.25, 1.42673e+029, 1.51922e+029, 1.51922e+029, 3.76462e-039, 1.50705e+029, 1.51922e+029, 1.51185e+029
2.26, 1.42673e+029, 1.51922e+029, 1.51922e+029, 3.76462e-039, 1.50705e+029, 1.51922e+029, 1.51185e+029
2.27, 1.42673e+029, 1.51922e+029, 1.51922e+029, 3.76462e-039, 1.50705e+029, 1.51922e+029, 1.51185e+029
2.28, 1.42673e+029, 1.51922e+029, 1.51922e+029, 3.76462e-039, 1.50705e+029, 1.51922e+029, 1.51185e+029
2.29, 1.42673e+029, 1.51922e+029, 1.51922e+029, 3.76462e-039, 1.50705e+029, 1.51922e+029, 1.51185e+029
2.3, 1.42673e+029, 1.51922e+029, 1.51922e+029, 3.76462e-039, 1.50705e+029, 1.51922e+029, 1.51185e+029
2.31, 1.42673e+029, 1.51922e+029, 1.51922e+029, 3.76462e-039, 1.50705e+029, 1.51922e+029, 1.51185e+029
2.32, 1.42673e+029, 1.51922e+029, 1.51922e+029, 3.76462e-039, 1.50705e+029, 1.51922e+029, 1.51185e+029
2.33, 1.42673e+029, 1.51922e+029, 1.51922e+029, 3.76462e-039, 1.50705e+029, 1.51922e+029, 1.51185e+029
2.34, 1.42673e+029, 1.51922e+029, 1.51922e+029, 3.76462e-039, 1.50705e+029, 1.51922e+029, 1.51185e+029
2.35, 1.42673e+029, 1.51922e+029, 1.51922e+029, 3.76462e-039, 1.50705e+029, 1.51922e+029, 1.51185e+029
2.36, 1.42673e+029, 1.51922e+029, 1.51922e+029, 3.76462e-039, 1.50705e+029, 1.51922e+029, 1.51185e+029
2.37, 1.42673e+029, 1.51922e+029, 1.51922e+029, 3.76462e-039, 1.50705e+029, 1.51922e+029, 1.51185e+029
2.38, 1.42673e+029, 1.51922e+029, 1.51922e+029, 3.76462e-039, 1.50705e+029, 1.51922e+029, 1.51185e+029
2.39, 1.42673e+029, 1.51922e+029, 1.51922e+029, 3.76462e-039, 1.50705e+029, 1.51922e+029, 1.51185e+029
2.4, 1.42673e+029, 1.51922e+029, 1.51922e+029, 3.76462e-039, 1.50705e+029, 1.51922e+029, 1.51185e+029
2.41, 1.42673e+029, 1.51922e+029, 1.51922e+029, 3.76462e-039, 1.50705e+029, 1.51922e+029, 1.51185e+029
2.42, 1.42673e+029, 1.51922e+029, 1.51922e+029, 3.76462e-039, 1.50705e+029, 1.51922e+029, 1.51185e+029
2.43, 1.42673e+029, 1.51922e+029, 1.51922e+029, 3.76462e-039, 1.50705e+029, 1.51922e+029, 1.51185e+029
2.44, 1.42673e+029, 1.51922e+029, 1.51922e+029, 3.76462e-039, 1.50705e+029, 1.51922e+029, 1.51185e+029
2.45, 1.42673e+029, 1.51922e+029, 1.51922e+029, 3.76462e-039, 1.50705e+029, 1.51922e+029, 1.51185e+029
2.46, 1.42673e+029, 1.51922e+029, 1.51922e+029, 3.76462e-039, 1.50705e+029, 1.51922e+029, 1.51185e+029
2.47, 1.42673e+029, 1.51922e+029, 1.51922e+029, 3.76462e-039, 1.50705e+029, 1.51922e+029, 1.51185e+029
2.48, 1.42673e+029, 1.51922e+029, 1.51922e+029, 3.76462e-039, 1.50705e+029, 1.51922e+029, 1.51185e+029
2.49, 1.42673e+029, 1.51922e+029, 1.51922e+029, 3.76462e-039, 1.50705e+029, 1.51922e+029, 1.51185e+029
2.5, 1.42673e+029, 1.51922e+029, 1.51922e+029, 3.76462e-039, 1.50705e+029, 1.51922e+029, 1.51185e+029
2.51, 1.42673e+029, 1.51922e+029, 1.51922e+029, 3.76462e-039, 1.50705e+029, 1.51922e+029, 1.51185e+029
2.52, 1.42673e+029, 1.51922e+029, 1.51922e+029, 3.76462e-039, 1.50705e+029, 1.51922e+029, 1.51185e+029
2.53, 1.42673e+029, 1.51922e+029, 1.51922e+029, 3.76462e-039, 1.50705e+029, 1.51922e+029, 1.51185e+029
2.54, 1.42673e+029, 1.51922e+029, 1.51922e+029, 3.76462e-039, 1.50705e+029, 1.51922e+029, 1.51185e+029
2.55, 1.42673e+029, 1.51922e+029, 1.51922e+029, 3.76462e-039, 1.50705e+029, 1.51922e+029, 1.51185e+029
2.56, 1.42673e+029, 1.51922e+029, 1.51922e+029, 3.76462e-039, 1.50705e+029, 1.51922e+029, 1.51185e+029
2.57, 1.42673e+029, 1.51922e+029, 1.51922e+029, 3.76462e-039, 1.50705e+029, 1.51922e+029, 1.51185e+029
2.58, 1.42673e+029, 1.51922e+029, 1.51922e+029, 3.76462e-039, 1.50705e+029, 1.51922e+029, 1.51185e+029
2.59, 1.42673e+029, 1.51922e+029, 1.51922e+029, 3.76462e-039, 1.50705e+029, 1.51922e+029, 1.51185e+029
2.6, 1.42673e+029, 1.51922e+029, 1.51922e+029, 3.76462e-039, 1.50705e+029, 1.51922e+029, 1.51185e+029
2.61, 1.42673e+029, 1.51922e+029, 1.51922e+029, 3.76462e-039, 1.50705e+029, 1.51922e+029, 1.51185e+029
2.62, 1.42673e+029, 1.51922e+029, 1.51922e+029, 3.76462e-039, 1.50705e+029, 1.51922e+029, 1.51185e+029
2.63, 1.42673e+029, 1.51922e+029, 1.51922e+029, 3.76462e-039, 1.50705e+029, 1.51922e+029, 1.51185e+029
2.64, 1.42673e+029, 1.51922e+029, 1.51922e+029, 3.76462e-039, 1.50705e+029, 1.51922e+029, 1.51185e+029
2.65, 1.42673e+029, 1.51922e+029, 1.51922e+029, 3.76462e-039, 1.50705e+029, 1.51922e+029, 1.51185e+029
2.66, 1.42673e+029, 1.51922e+029, 1.51922e+029, 3.76462e-039, 1.50705e+029, 1.51922e+029, 1.51185e+029
2.67, 1.42673e+029, 1.51922e+029, 1.51922e+029, 3.76462e-039, 1.50705e+029, 1.51922e+029, 1.51185e+029
2.68, 1.42673e+029, 1.51922e+029, 1.51922e+029, 3.76462e-039, 1.50705e+029, 1.51922e+029, 1.51185e+029
2.69, 1.42673e+029, 1.51922e+029, 1.51922e+029, 3.76462e-039, 1.50705e+029, 1.51922e+029, 1.51185e+029
2.7, 1.42673e+029, 1.51922e+029, 1.51922e+029, 3.76462e-039, 1.50705e+029, 1.51922e+029, 1.51185e+029
2.71, 1.42673e+029, 1.51922e+029, 1.51922e+029, 3.76462e-039, 1.50705e+029, 1.51922e+029, 1.51185e+029
2.72, 1.42673e+029, 1.51922e+029, 1.51922e+029, 3.76462e-039, 1.50705e+029, 1.51922e+029, 1.51185e+029
2.73, 1.42673e+029, 1.51922e+029, 1.51922e+029, 3.76462e-039, 1.50705e+029, 1.51922e+029, 1.51185e+029
2.74, 1.42673e+029, 1.51922e+029, 1.51922e+029, 3.76462e-039, 1.50705e+029, 1.51922e+029, 1.51185e+029
2.75, 1.42673e+029, 1.51922e+029, 1.51922e+029, 3.76462e-039, 1.50705e+029, 1.51922e+029, 1.51185e+029
2.76, 1.42673e+029, 1.51922e+029, 1.51922e+029, 3.76462e-039, 1.50705e+029, 1.51922e+029, 1.51185e+029
2.77, 1.42673e+029, 1.51922e+029, 1.51922e+029, 3.76462e-039, 1.50705e+029, 1.51922e+029, 1.51185e+029
2.78, 1.42673e+029, 1.51922e+029, 1.51922e+029, 3.76462e-039, 1.50705e+029, 1.51922e+029, 1.51185e+029
2.79, 1.42673e+029, 1.51922e+029, 1.51922e+029, 3.76462e-039, 1.50705e+029, 1.51922e+029, 1.51185e+029
2.8, 1.42673e+029, 1.51922e+029, 1.51922e+029, 3.76462e-039, 1.50705e+029, 1.51922e+029, 1.51185e+029
2.81, 1.42673e+029, 1.51922e+029, 1.51922e+029, 3.76462e-039, 1.50705e+029, 1.51922e+029, 1.51185e+029
2.82, 1.42673e+029, 1.51922e+029, 1.51922e+029, 3.76462e-039, 1.50705e+029, 1.51922e+029, 1.51185e+029
2.83, 1.42673e+029, 1.51922e+029, 1.51922e+029, 3.76462e-039, 1.50705e+029, 1.51922e+029, 1.51185e+029
2.84, 1.42673e+029, 1.51922e+029, 1.51922e+029, 3.76462e-039, 1.50705e+029, 1.51922e+029, 1.51185e+029
2.85, 1.42673e+029, 1.51922e+029, 1.51922e+029, 3.76462e-039, 1.50705e+029, 1.51922e+029, 1.51185e+029
2.86, 1.42673e+029, 1.51922e+029, 1.51922e+029, 3.76462e-039, 1.50705e+029, 1.51922e+029, 1.51185e+029
2.87, 1.42673e+029, 1.51922e+029, 1.51922e+029, 3.76462e-039, 1.50705e+029, 1.51922e+029, 1.51185e+029
2.88, 1.42673e+029, 1.51922e+029, 1.51922e+029, 3.76462e-039, 1.50705e+029, 1.51922e+029, 1.51185e+029
2.89, 1.42673e+029, 1.51922e+029, 1.51922e+029, 3.76462e-039, 1.50705e+029, 1.51922e+029, 1.51185e+029
2.9, 1.42673e+029, 1.51922e+029, 1.51922e+029, 3.76462e-039, 1.50705e+029, 1.51922e+029, 1.51185e+029
2.91, 1.42673e+029, 1.51922e+029, 1.51922e+029, 3.76462e-039, 1.50705e+029, 1.51922e+029, 1.51185e+029
2.92, 1.42673e+029, 1.51922e+029, 1.51922e+029, 3.76462e-039, 1.50705e+029, 1.51922e+029, 1.51185e+029
2.93, 1.42673e+029, 1.51922e+029, 1.51922e+029, 3.76462e-039, 1.50705e+029, 1.51922e+029, 1.51185e+029
2.94, 1.42673e+029, 1.51922e+029, 1.51922e+029, 3.76462e-039, 1.50705e+029, 1.51922e+029, 1.51185e+029
2.95, 1.42673e+029, 1.51922e+029, 1.51922e+029, 3.76462e-039, 1.50705e+029, 1.51922e+029, 1.51185e+029
2.96, 1.42673e+029, 1.51922e+029, 1.51922e+029, 3.76462e-039, 1.50705e+029, 1.51922e+029, 1.51185e+029
2.97, 1.42673e+029, 1.51922e+029, 1.51922e+029, 3.76462e-039, 1.50705e+029, 1.51922e+029, 1.51185e+029
2.98, 1.42673e+029, 1.51922e+029, 1.51922e+029, 3.76462e-039, 1.50705e+029, 1.51922e+029, 1.51185e+029
2.99, 1.42673e+029, 1.51922e+029, 1.51922e+029, 3.76462e-039, 1.50705e+029, 1.51922e+029, 1.51185e+029
3, 1.42673e+029, 1.51922e+029, 1.51922e+029, 3.76462e-039, 1.50705e+029, 1.51922e+029, 1.51185e+029
3.01, 1.42673e+029, 1.51922e+029, 1.51922e+029, 3.76462e-039, 1.50705e+029, 1.51922e+029, 1.51185e+029
3.02, 1.42673e+029, 1.51922e+029, 1.51922e+029, 3.76462e-039, 1.50705e+029, 1.51922e+029, 1.51185e+029
3.03, 1.42673e+029, 1.51922e+029, 1.51922e+029, 3.76462e-039, 1.50705e+029, 1.51922e+029, 1.51185e+029
3.04, 1.42673e+029, 1.51922e+029, 1.51922e+029, 3.76462e-039, 1.50705e+029, 1.51922e+029, 1.51185e+029
3.05, 1.42673e+029, 1.51922e+029, 1.51922e+029, 3.76462e-039, 1.50705e+029, 1.51922e+029, 1.51185e+029
3.06, 1.42673e+029, 1.51922e+029, 1.51922e+029, 3.76462e-039, 1.50705e+029, 1.51922e+029, 1.51185e+029
3.07, 1.42673e+029, 1.51922e+029, 1.51922e+029, 3.76462e-039, 1.50705e+029, 1.51922e+029, 1.51185e+029
3.08, 1.42673e+029, 1.51922e+029, 1.51922e+029, 3.76462e-039, 1.50705e+029, 1.51922e+029, 1.51185e+029
3.09, 1.42673e+029, 1.51922e+029, 1.51922e+029, 3.76462e-039, 1.50705e+029, 1.51922e+029, 1.51185e+029
3.1, 1.42673e+029, 1.51922e+029, 1.51922e+029, 3.76462e-039, 1.50705e+029, 1.51922e+029, 1.51185e+029
3.11, 1.42673e+029, 1.51922e+029, 1.51922e+029, 3.76462e-039, 1.50705e+029, 1.51922e+029, 1.51185e+029
3.12, 1.42673e+029, 1.51922e+029, 1.51922e+029, 3.76462e-039, 1.50705e+029, 1.51922e+029, 1.51185e+029
3.13, 1.42673e+029, 1.51922e+029, 1.51922e+029, 3.76462e-039, 1.50705e+029, 1.51922e+029, 1.51185e+029
3.14, 1.42673e+029, 1.51922e+029, 1.51922e+029, 3.76462e-039, 1.50705e+029, 1.51922e+029, 1.51185e+029
3.15, 1.42673e+029, 1.51922e+029, 1.51922e+029, 3.76462e-039, 1.50705e+029, 1.51922e+029, 1.51185e+029
3.16, 1.42673e+029, 1.51922e+029, 1.51922e+029, 3.76462e-039, 1.50705e+029, 1.51922e+029, 1.51185e+029
3.17, 1.42673e+029, 1.51922e+029, 1.51922e+029, 3.76462e-039, 1.50705e+029, 1.51922e+029, 1.51185e+029
3.18, 1.42673e+029, 1.51922e+029, 1.51922e+029, 3.76462e-039, 1.50705e+029, 1.51922e+029, 1.51185e+029
3.19, 1.42673e+029, 1.51922e+029, 1.51922e+029, 3.76462e-039, 1.50705e+029, 1.51922e+029, 1.51185e+029
3.2, 1.42673e+029, 1.51922e+029, 1.51922e+029, 3.76462e-039, 1.50705e+029, 1.51922e+029, 1.51185e+029
3.21, 1.42673e+029, 1.51922e+029, 1.51922e+029, 3.76462e-039, 1.50705e+029, 1.51922e+029, 1.51185e+029
3.22, 1.42673e+029, 1.51922e+029, 1.51922e+029, 3.76462e-039, 1.50705e+029, 1.51922e+029, 1.51185e+029
3.23, 1.42673e+029, 1.51922e+029, 1.51922e+029, 3.76462e-039, 1.50705e+029, 1.51922e+029, 1.51185e+029
3.24, 1.42673e+029, 1.51922e+029, 1.51922e+029, 3.76462e-039, 1.50705e+029, 1.51922e+029, 1.51185e+029
3.25, 1.42673e+029, 1.51922e+029, 1.51922e+029, 3.76462e-039, 1.50705e+029, 1.51922e+029, 1.51185e+029
3.26, 1.42673e+029, 1.51922e+029, 1.51922e+029, 3.76462e-039, 1.50705e+029, 1.51922e+029, 1.51185e+029
3.27, 1.42673e+029, 1.51922e+029, 1.51922e+029, 3.76462e-039, 1.50705e+029, 1.51922e+029, 1.51185e+029
3.28, 1.42673e+029, 1.51922e+029, 1.51922e+029, 3.76462e-039, 1.50705e+029, 1.51922e+029, 1.51185e+029
3.29, 1.42673e+029, 1.51922e+029, 1.51922e+029, 3.76462e-039, 1.50705e+029, 1.51922e+029, 1.51185e+029
3.3, 1.42673e+029, 1.51922e+029, 1.51922e+029, 3.76462e-039, 1.50705e+029, 1.51922e+029, 1.51185e+029
3.31, 1.42673e+029, 1.51922e+029, 1.51922e+029, 3.76462e-039, 1.50705e+029, 1.51922e+029, 1.51185e+029
3.32, 1.42673e+029, 1.51922e+029, 1.51922e+029, 3.76462e-039, 1.50705e+029, 1.51922e+029, 1.51185e+029
3.33, 1.42673e+029, 1.51922e+029, 1.51922e+029, 3.76462e-039, 1.50705e+029, 1.51922e+029, 1.51185e+029
3.34, 1.42673e+029, 1.51922e+029, 1.51922e+029, 3.76462e-039, 1.50705e+029, 1.51922e+029, 1.51185e+029
3.35, 1.42673e+029, 1.51922e+029, 1.51922e+029, 3.76462e-039, 1.50705e+029, 1.51922e+029, 1.51185e+029
3.36, 1.42673e+029, 1.51922e+029, 1.51922e+029, 3.76462e-039, 1.50705e+029, 1.51922e+029, 1.51185e+029
3.37, 1.42673e+029, 1.51922e+029, 1.51922e+029, 3.76462e-039, 1.50705e+029, 1.51922e+029, 1.51185e+029
3.38, 1.42673e+029, 1.51922e+029, 1.51922e+029, 3.76462e-039, 1.50705e+029, 1.51922e+029, 1.51185e+029
3.39, 1.42673e+029, 1.51922e+029, 1.51922e+029, 3.76462e-039, 1.50705e+029, 1.51922e+029, 1.51185e+029
3.4, 1.42673e+029, 1.51922e+029, 1.51922e+029, 3.76462e-039, 1.50705e+029, 1.51922e+029, 1.51185e+029
3.41, 1.42673e+029, 1.51922e+029, 1.51922e+029, 3.76462e-039, 1.50705e+029, 1.51922e+029, 1.51185e+029
3.42, 1.42673e+029, 1.51922e+029, 1.51922e+029, 3.76462e-039, 1.50705e+029, 1.51922e+029, 1.51185e+029
3.43, 1.42673e+029, 1.51922e+029, 1.51922e+029, 3.76462e-039, 1.50705e+029, 1.51922e+029, 1.51185e+029
3.44, 1.42673e+029, 1.51922e+029, 1.51922e+029, 3.76462e-039, 1.50705e+029, 1.51922e+029, 1.51185e+029
3.45, 1.42673e+029, 1.51922e+029, 1.51922e+029, 3.76462e-039, 1.50705e+029, 1.51922e+029, 1.51185e+029
3.46, 1.42673e+029, 1.51922e+029, 1.51922e+029, 3.76462e-039, 1.50705e+029, 1.51922e+029, 1.51185e+029
3.47, 1.42673e+029, 1.51922e+029, 1.51922e+029, 3.76462e-039, 1.50705e+029, 1.51922e+029, 1.51185e+029
3.48, 1.42673e+029, 1.51922e+029, 1.51922e+029, 3.76462e-039, 1.50705e+029, 1.51922e+029, 1.51185e+029
3.49, 1.42673e+029, 1.51922e+029, 1.51922e+029, 3.76462e-039, 1.50705e+029, 1.51922e+029, 1.51185e+029
3.5, 1.42673e+029, 1.51922e+029, 1.51922e+029, 3.76462e-039, 1.50705e+029, 1.51922e+029, 1.51185e+029
3.51, 1.42673e+029, 1.51922e+029, 1.51922e+029, 3.76462e-039, 1.50705e+029, 1.51922e+029, 1.51185e+029
3.52, 1.42673e+029, 1.51922e+029, 1.51922e+029, 3.76462e-039, 1.50705e+029, 1.51922e+029, 1.51185e+029
3.53, 1.42673e+029, 1.51922e+029, 1.51922e+029, 3.76462e-039, 1.50705e+029, 1.51922e+029, 1.51185e+029
3.54, 1.42673e+029, 1.51922e+029, 1.51922e+029, 3.76462e-039, 1.50705e+029, 1.51922e+029, 1.51185e+029
3.55, 1.42673e+029, 1.51922e+029, 1.51922e+029, 3.76462e-039, 1.50705e+029, 1.51922e+029, 1.51185e+029
3.56, 1.42673e+029, 1.51922e+029, 1.51922e+029, 3.76462e-039, 1.50705e+029, 1.51922e+029, 1.51185e+029
3.57, 1.42673e+029, 1.51922e+029, 1.51922e+029, 3.76462e-039, 1.50705e+029, 1.51922e+029, 1.51185e+029
3.58, 1.42673e+029, 1.51922e+029, 1.51922e+029, 3.76462e-039, 1.50705e+029, 1.51922e+029, 1.51185e+029
3.59, 1.42673e+029, 1.51922e+029, 1.51922e+029, 3.76462e-039, 1.50705e+029, 1.51922e+029, 1.51185e+029
3.6, 1.42673e+029, 1.51922e+029, 1.51922e+029, 3.76462e-039, 1.50705e+029, 1.51922e+029, 1.51185e+029
3.61, 1.42673e+029, 1.51922e+029, 1.51922e+029, 3.76462e-039, 1.50705e+029, 1.51922e+029, 1.51185e+029
3.62, 1.42673e+029, 1.51922e+029, 1.51922e+029, 3.76462e-039, 1.50705e+029, 1.51922e+029, 1.51185e+029
3.63, 1.42673e+029, 1.51922e+029, 1.51922e+029, 3.76462e-039, 1.50705e+029, 1.51922e+029, 1.51185e+029
3.64, 1.42673e+029, 1.51922e+029, 1.51922e+029, 3.76462e-039, 1.50705e+029, 1.51922e+029, 1.51185e+029
3.65, 1.42673e+029, 1.51922e+029, 1.51922e+029, 3.76462e-039, 1.50705e+029, 1.51922e+029, 1.51185e+029
3.66, 1.42673e+029, 1.51922e+029, 1.51922e+029, 3.76462e-039, 1.50705e+029, 1.51922e+029, 1.51185e+029
3.67, 1.42673e+029, 1.51922e+029, 1.51922e+029, 3.76462e-039, 1.50705e+029, 1.51922e+029, 1.51185e+029
3.68, 1.42673e+029, 1.51922e+029, 1.51922e+029, 3.76462e-039, 1.50705e+029, 1.51922e+029, 1.51185e+029
3.69, 1.42673e+029, 1.51922e+029, 1.51922e+029, 3.76462e-039, 1.50705e+029, 1.51922e+029, 1.51185e+029
3.7, 1.42673e+029, 1.51922e+029, 1.51922e+029, 3.76462e-039, 1.50705e+029, 1.51922e+029, 1.51185e+029
3.71, 1.42673e+029, 1.51922e+029, 1.51922e+029, 3.76462e-039, 1.50705e+029, 1.51922e+029, 1.51185e+029
3.72, 1.42673e+029, 1.51922e+029, 1.51922e+029, 3.76462e-039, 1.50705e+029, 1.51922e+029, 1.51185e+029
3.73, 1.42673e+029, 1.51922e+029, 1.51922e+029, 3.76462e-039, 1.50705e+029, 1.51922e+029, 1.51185e+029
3.74, 1.42673e+029, 1.51922e+029, 1.51922e+029, 3.76462e-039, 1.50705e+029, 1.51922e+029, 1.51185e+029
3.75, 1.42673e+029, 1.51922e+029, 1.51922e+029, 3.76462e-039, 1.50705e+029, 1.51922e+029, 1.51185e+029
3.76, 1.42673e+029, 1.51922e+029, 1.51922e+029, 3.76462e-039, 1.50705e+029, 1.51922e+029, 1.51185e+029
3.77, 1.42673e+029, 1.51922e+029, 1.51922e+029, 3.76462e-039, 1.50705e+029, 1.51922e+029, 1.51185e+029
3.78, 1.42673e+029, 1.51922e+029, 1.51922e+029, 3.76462e-039, 1.50705e+029, 1.51922e+029, 1.51185e+029
3.79, 1.42673e+029, 1.51922e+029, 1.51922e+029, 3.76462e-039, 1.50705e+029, 1.51922e+029, 1.51185e+029
3.8, 1.42673e+029, 1.51922e+029, 1.51922e+029, 3.76462e-039, 1.50705e+029, 1.51922e+029, 1.51185e+029
3.81, 1.42673e+029, 1.51922e+029, 1.51922e+029, 3.76462e-039, 1.50705e+029, 1.51922e+029, 1.51185e+029
3.82, 1.42673e+029, 1.51922e+029, 1.51922e+029, 3.76462e-039, 1.50705e+029, 1.51922e+029, 1.51185e+029
3.83, 1.42673e+029, 1.51922e+029, 1.51922e+029, 3.76462e-039, 1.50705e+029, 1.51922e+029, 1.51185e+029
3.84, 1.42673e+029, 1.51922e+029, 1.51922e+029, 3.76462e-039, 1.50705e+029, 1.51922e+029, 1.51185e+029
3.85, 1.42673e+029, 1.51922e+029, 1.51922e+029, 3.76462e-039, 1.50705e+029, 1.51922e+029, 1.51185e+029
3.86, 1.42673e+029, 1.51922e+029, 1.51922e+029, 3.76462e-039, 1.50705e+029, 1.51922e+029, 1.51185e+029
3.87, 1.42673e+029, 1.51922e+029, 1.51922e+029, 3.76462e-039, 1.50705e+029, 1.51922e+029, 1.51185e+029
3.88, 1.42673e+029, 1.51922e+029, 1.51922e+029, 3.76462e-039, 1.50705e+029, 1.51922e+029, 1.51185e+029
3.89, 1.42673e+029, 1.51922e+029, 1.51922e+029, 3.76462e-039, 1.50705e+029, 1.51922e+029, 1.51185e+029
3.9, 1.42673e+029, 1.51922e+029, 1.51922e+029, 3.76462e-039, 1.50705e+029, 1.51922e+029, 1.51185e+029
3.91, 1.42673e+029, 1.51922e+029, 1.51922e+029, 3.76462e-039, 1.50705e+029, 1.51922e+029, 1.51185e+029
3.92, 1.42673e+029, 1.51922e+029, 1.51922e+029, 3.76462e-039, 1.50705e+029, 1.51922e+029, 1.51185e+029
3.93, 1.42673e+029, 1.51922e+029, 1.51922e+029, 3.76462e-039, 1.50705e+029, 1.51922e+029, 1.51185e+029
3.94, 1.42673e+029, 1.51922e+029, 1.51922e+029, 3.76462e-039, 1.50705e+029, 1.51922e+029, 1.51185e+029
3.95, 1.42673e+029, 1.51922e+029, 1.51922e+029, 3.76462e-039, 1.50705e+029, 1.51922e+029, 1.51185e+029
3.96, 1.42673e+029, 1.51922e+029, 1.51922e+029, 3.76462e-039, 1.50705e+029, 1.51922e+029, 1.51185e+029
3.97, 1.42673e+029, 1.51922e+029, 1.51922e+029, 3.76462e-039, 1.50705e+029, 1.51922e+029, 1.51185e+029
3.98, 1.42673e+029, 1.51922e+029, 1.51922e+029, 3.76462e-039, 1.50705e+029, 1.51922e+029, 1.51185e+029
3.99, 1.42673e+029, 1.51922e+029, 1.51922e+029, 3.76462e-039, 1.50705e+029, 1.51922e+029, 1.51185e+029
4, 1.42673e+029, 1.51922e+029, 1.51922e+029, 3.76462e-039, 1.50705e+029, 1.51922e+029, 1.51185e+029
4.01, 1.42673e+029, 1.51922e+029, 1.51922e+029, 3.76462e-039, 1.50705e+029, 1.51922e+029, 1.51185e+029
4.02, 1.42673e+029, 1.51922e+029, 1.51922e+029, 3.76462e-039, 1.50705e+029, 1.51922e+029, 1.51185e+029
4.03, 1.42673e+029, 1.51922e+029, 1.51922e+029, 3.76462e-039, 1.50705e+029, 1.51922e+029, 1.51185e+029
4.04, 1.42673e+029, 1.51922e+029, 1.51922e+029, 3.76462e-039, 1.50705e+029, 1.51922e+029, 1.51185e+029
4.05, 1.42673e+029, 1.51922e+029, 1.51922e+029, 3.76462e-039, 1.50705e+029, 1.51922e+029, 1.51185e+029
4.06, 1.42673e+029, 1.51922e+029, 1.51922e+029, 3.76462e-039, 1.50705e+029, 1.51922e+029, 1.51185e+029
4.07, 1.42673e+029, 1.51922e+029, 1.51922e+029, 3.76462e-039, 1.50705e+029, 1.51922e+029, 1.51185e+029
4.08, 1.42673e+029, 1.51922e+029, 1.51922e+029, 3.76462e-039, 1.50705e+029, 1.51922e+029, 1.51185e+029
4.09, 1.42673e+029, 1.51922e+029, 1.51922e+029, 3.76462e-039, 1.50705e+029, 1.51922e+029, 1.51185e+029
4.1, 1.42673e+029, 1.51922e+029, 1.51922e+029, 3.76462e-039, 1.50705e+029, 1.51922e+029, 1.51185e+029
4.11, 1.42673e+029, 1.51922e+029, 1.51922e+029, 3.76462e-039, 1.50705e+029, 1.51922e+029, 1.51185e+029
4.12, 1.42673e+029, 1.51922e+029, 1.51922e+029, 3.76462e-039, 1.50705e+029, 1.51922e+029, 1.51185e+029
4.13, 1.42673e+029, 1.51922e+029, 1.51922e+029, 3.76462e-039, 1.50705e+029, 1.51922e+029, 1.51185e+029
4.14, 1.42673e+029, 1.51922e+029, 1.51922e+029, 3.76462e-039, 1.50705e+029, 1.51922e+029, 1.51185e+029
4.15, 1.42673e+029, 1.51922e+029, 1.51922e+029, 3.76462e-039, 1.50705e+029, 1.51922e+029, 1.51185e+029
4.16, 1.42673e+029, 1.51922e+029, 1.51922e+029, 3.76462e-039, 1.50705e+029, 1.51922e+029, 1.51185e+029
4.17, 1.42673e+029, 1.51922e+029, 1.51922e+029, 3.76462e-039, 1.50705e+029, 1.51922e+029, 1.51185e+029
4.18, 1.42673e+029, 1.51922e+029, 1.51922e+029, 3.76462e-039, 1.50705e+029, 1.51922e+029, 1.51185e+029
4.19, 1.42673e+029, 1.51922e+029, 1.51922e+029, 3.76462e-039, 1.50705e+029, 1.51922e+029, 1.51185e+029
4.2, 1.42673e+029, 1.51922e+029, 1.51922e+029, 3.76462e-039, 1.50705e+029, 1.51922e+029, 1.51185e+029
4.21, 1.42673e+029, 1.51922e+029, 1.51922e+029, 3.76462e-039, 1.50705e+029, 1.51922e+029, 1.51185e+029
4.22, 1.42673e+029, 1.51922e+029, 1.51922e+029, 3.76462e-039, 1.50705e+029, 1.51922e+029, 1.51185e+029
4.23, 1.42673e+029, 1.51922e+029, 1.51922e+029, 3.76462e-039, 1.50705e+029, 1.51922e+029, 1.51185e+029
4.24, 1.42673e+029, 1.51922e+029, 1.51922e+029, 3.76462e-039, 1.50705e+029, 1.51922e+029, 1.51185e+029
4.25, 1.42673e+029, 1.51922e+029, 1.51922e+029, 3.76462e-039, 1.50705e+029, 1.51922e+029, 1.51185e+029
4.26, 1.42673e+029, 1.51922e+029, 1.51922e+029, 3.76462e-039, 1.50705e+029, 1.51922e+029, 1.51185e+029
4.27, 1.42673e+029, 1.51922e+029, 1.51922e+029, 3.76462e-039, 1.50705e+029, 1.51922e+029, 1.51185e+029
4.28, 1.42673e+029, 1.51922e+029, 1.51922e+029, 3.76462e-039, 1.50705e+029, 1.51922e+029, 1.51185e+029
4.29, 1.42673e+029, 1.51922e+029, 1.51922e+029, 3.76462e-039, 1.50705e+029, 1.51922e+029, 1.51185e+029
4.3, 1.42673e+029, 1.51922e+029, 1.51922e+029, 3.76462e-039, 1.50705e+029, 1.51922e+029, 1.51185e+029
4.31, 1.42673e+029, 1.51922e+029, 1.51922e+029, 3.76462e-039, 1.50705e+029, 1.51922e+029, 1.51185e+029
4.32, 1.42673e+029, 1.51922e+029, 1.51922e+029, 3.76462e-039, 1.50705e+029, 1.51922e+029, 1.51185e+029
4.33, 1.42673e+029, 1.51922e+029, 1.51922e+029, 3.76462e-039, 1.50705e+029, 1.51922e+029, 1.51185e+029
4.34, 1.42673e+029, 1.51922e+029, 1.51922e+029, 3.76462e-039, 1.50705e+029, 1.51922e+029, 1.51185e+029
4.35, 1.42673e+029, 1.51922e+029, 1.51922e+029, 3.76462e-039, 1.50705e+029, 1.51922e+029, 1.51185e+029
4.36, 1.42673e+029, 1.51922e+029, 1.51922e+029, 3.76462e-039, 1.50705e+029, 1.51922e+029, 1.51185e+029
4.37001, 1.42673e+029, 1.51922e+029, 1.51922e+029, 3.76462e-039, 1.50705e+029, 1.51922e+029, 1.51185e+029
4.38001, 1.42673e+029, 1.51922e+029, 1.51922e+029, 3.76462e-039, 1.50705e+029, 1.51922e+029, 1.51185e+029
4.39001, 1.42673e+029, 1.51922e+029, 1.51922e+029, 3.76462e-039, 1.50705e+029, 1.51922e+029, 1.51185e+029
4.40001, 1.42673e+029, 1.51922e+029, 1.51922e+029, 3.76462e-039, 1.50705e+029, 1.51922e+029, 1.51185e+029
4.41001, 1.42673e+029, 1.51922e+029, 1.51922e+029, 3.76462e-039, 1.50705e+029, 1.51922e+029, 1.51185e+029
4.42001, 1.42673e+029, 1.51922e+029, 1.51922e+029, 3.76462e-039, 1.50705e+029, 1.51922e+029, 1.51185e+029
4.43001, 1.42673e+029, 1.51922e+029, 1.51922e+029, 3.76462e-039, 1.50705e+029, 1.51922e+029, 1.51185e+029
4.44001, 1.42673e+029, 1.51922e+029, 1.51922e+029, 3.76462e-039, 1.50705e+029, 1.51922e+029, 1.51185e+029
4.45001, 1.42673e+029, 1.51922e+029, 1.51922e+029, 3.76462e-039, 1.50705e+029, 1.51922e+029, 1.51185e+029
4.46001, 1.42673e+029, 1.51922e+029, 1.51922e+029, 3.76462e-039, 1.50705e+029, 1.51922e+029, 1.51185e+029
4.47001, 1.42673e+029, 1.51922e+029, 1.51922e+029, 3.76462e-039, 1.50705e+029, 1.51922e+029, 1.51185e+029
4.48001, 1.42673e+029, 1.51922e+029, 1.51922e+029, 3.76462e-039, 1.50705e+029, 1.51922e+029, 1.51185e+029
4.49001, 1.42673e+029, 1.51922e+029, 1.51922e+029, 3.76462e-039, 1.50705e+029, 1.51922e+029, 1.51185e+029
4.50001, 1.42673e+029, 1.51922e+029, 1.51922e+029, 3.76462e-039, 1.50705e+029, 1.51922e+029, 1.51185e+029
4.51001, 1.42673e+029, 1.51922e+029, 1.51922e+029, 3.76462e-039, 1.50705e+029, 1.51922e+029, 1.51185e+029
4.52001, 1.42673e+029, 1.51922e+029, 1.51922e+029, 3.76462e-039, 1.50705e+029, 1.51922e+029, 1.51185e+029
4.53001, 1.42673e+029, 1.51922e+029, 1.51922e+029, 3.76462e-039, 1.50705e+029, 1.51922e+029, 1.51185e+029
4.54001, 1.42673e+029, 1.51922e+029, 1.51922e+029, 3.76462e-039, 1.50705e+029, 1.51922e+029, 1.51185e+029
4.55001, 1.42673e+029, 1.51922e+029, 1.51922e+029, 3.76462e-039, 1.50705e+029, 1.51922e+029, 1.51185e+029
4.56001, 1.42673e+029, 1.51922e+029, 1.51922e+029, 3.76462e-039, 1.50705e+029, 1.51922e+029, 1.51185e+029
4.57001, 1.42673e+029, 1.51922e+029, 1.51922e+029, 3.76462e-039, 1.50705e+029, 1.51922e+029, 1.51185e+029
4.58001, 1.42673e+029, 1.51922e+029, 1.51922e+029, 3.76462e-039, 1.50705e+029, 1.51922e+029, 1.51185e+029
4.59001, 1.42673e+029, 1.51922e+029, 1.51922e+029, 3.76462e-039, 1.50705e+029, 1.51922e+029, 1.51185e+029
4.60001, 1.42673e+029, 1.51922e+029, 1.51922e+029, 3.76462e-039, 1.50705e+029, 1.51922e+029, 1.51185e+029
4.61001, 1.42673e+029, 1.51922e+029, 1.51922e+029, 3.76462e-039, 1.50705e+029, 1.51922e+029, 1.51185e+029
4.62001, 1.42673e+029, 1.51922e+029, 1.51922e+029, 3.76462e-039, 1.50705e+029, 1.51922e+029, 1.51185e+029
4.63001, 1.42673e+029, 1.51922e+029, 1.51922e+029, 3.76462e-039, 1.50705e+029, 1.51922e+029, 1.51185e+029
4.64001, 1.42673e+029, 1.51922e+029, 1.51922e+029, 3.76462e-039, 1.50705e+029, 1.51922e+029, 1.51185e+029
4.65001, 1.42673e+029, 1.51922e+029, 1.51922e+029, 3.76462e-039, 1.50705e+029, 1.51922e+029, 1.51185e+029
4.66001, 1.42673e+029, 1.51922e+029, 1.51922e+029, 3.76462e-039, 1.50705e+029, 1.51922e+029, 1.51185e+029
4.67001, 1.42673e+029, 1.51922e+029, 1.51922e+029, 3.76462e-039, 1.50705e+029, 1.51922e+029, 1.51185e+029
4.68001, 1.42673e+029, 1.51922e+029, 1.51922e+029, 3.76462e-039, 1.50705e+029, 1.51922e+029, 1.51185e+029
4.69001, 1.42673e+029, 1.51922e+029, 1.51922e+029, 3.76462e-039, 1.50705e+029, 1.51922e+029, 1.51185e+029
4.70001, 1.42673e+029, 1.51922e+029, 1.51922e+029, 3.76462e-039, 1.50705e+029, 1.51922e+029, 1.51185e+029
4.71001, 1.42673e+029, 1.51922e+029, 1.51922e+029, 3.76462e-039, 1.50705e+029, 1.51922e+029, 1.51185e+029
4.72001, 1.42673e+029, 1.51922e+029, 1.51922e+029, 3.76462e-039, 1.50705e+029, 1.51922e+029, 1.51185e+029
4.73001, 1.42673e+029, 1.51922e+029, 1.51922e+029, 3.76462e-039, 1.50705e+029, 1.51922e+029, 1.51185e+029
4.74001, 1.42673e+029, 1.51922e+029, 1.51922e+029, 3.76462e-039, 1.50705e+029, 1.51922e+029, 1.51185e+029
4.75001, 1.42673e+029, 1.51922e+029, 1.51922e+029, 3.76462e-039, 1.50705e+029, 1.51922e+029, 1.51185e+029
4.76001, 1.42673e+029, 1.51922e+029, 1.51922e+029, 3.76462e-039, 1.50705e+029, 1.51922e+029, 1.51185e+029
4.77001, 1.42673e+029, 1.51922e+029, 1.51922e+029, 3.76462e-039, 1.50705e+029, 1.51922e+029, 1.51185e+029
4.78001, 1.42673e+029, 1.51922e+029, 1.51922e+029, 3.76462e-039, 1.50705e+029, 1.51922e+029, 1.51185e+029
4.79001, 1.42673e+029, 1.51922e+029, 1.51922e+029, 3.76462e-039, 1.50705e+029, 1.51922e+029, 1.51185e+029
4.80001, 1.42673e+029, 1.51922e+029, 1.51922e+029, 3.76462e-039, 1.50705e+029, 1.51922e+029, 1.51185e+029
4.81002, 1.42673e+029, 1.51922e+029, 1.51922e+029, 3.76462e-039, 1.50705e+029, 1.51922e+029, 1.51185e+029
4.82002, 1.42673e+029, 1.51922e+029, 1.51922e+029, 3.76462e-039, 1.50705e+029, 1.51922e+029, 1.51185e+029
4.83002, 1.42673e+029, 1.51922e+029, 1.51922e+029, 3.76462e-039, 1.50705e+029, 1.51922e+029, 1.51185e+029
4.84002, 1.42673e+029, 1.51922e+029, 1.51922e+029, 3.76462e-039, 1.50705e+029, 1.51922e+029, 1.51185e+029
4.85002, 1.42673e+029, 1.51922e+029, 1.51922e+029, 3.76462e-039, 1.50705e+029, 1.51922e+029, 1.51185e+029
4.86002, 1.42673e+029, 1.51922e+029, 1.51922e+029, 3.76462e-039, 1.50705e+029, 1.51922e+029, 1.51185e+029
4.87002, 1.42673e+029, 1.51922e+029, 1.51922e+029, 3.76462e-039, 1.50705e+029, 1.51922e+029, 1.51185e+029
4.88002, 1.42673e+029, 1.51922e+029, 1.51922e+029, 3.76462e-039, 1.50705e+029, 1.51922e+029, 1.51185e+029
4.89002, 1.42673e+029, 1.51922e+029, 1.51922e+029, 3.76462e-039, 1.50705e+029, 1.51922e+029, 1.51185e+029
4.90002, 1.42673e+029, 1.51922e+029, 1.51922e+029, 3.76462e-039, 1.50705e+029, 1.51922e+029, 1.51185e+029
4.91002, 1.42673e+029, 1.51922e+029, 1.51922e+029, 3.76462e-039, 1.50705e+029, 1.51922e+029, 1.51185e+029
4.92002, 1.42673e+029, 1.51922e+029, 1.51922e+029, 3.76462e-039, 1.50705e+029, 1.51922e+029, 1.51185e+029
4.93002, 1.42673e+029, 1.51922e+029, 1.51922e+029, 3.76462e-039, 1.50705e+029, 1.51922e+029, 1.51185e+029
4.94002, 1.42673e+029, 1.51922e+029, 1.51922e+029, 3.76462e-039, 1.50705e+029, 1.51922e+029, 1.51185e+029
4.95002, 1.42673e+029, 1.51922e+029, 1.51922e+029, 3.76462e-039, 1.50705e+029, 1.51922e+029, 1.51185e+029
4.96002, 1.42673e+029, 1.51922e+029, 1.51922e+029, 3.76462e-039, 1.50705e+029, 1.51922e+029, 1.51185e+029
4.97002, 1.42673e+029, 1.51922e+029, 1.51922e+029, 3.76462e-039, 1.50705e+029, 1.51922e+029, 1.51185e+029
4.98002, 1.42673e+029, 1.51922e+029, 1.51922e+029, 3.76462e-039, 1.50705e+029, 1.51922e+029, 1.51185e+029
4.99002, 1.42673e+029, 1.51922e+029, 1.51922e+029, 3.76462e-039, 1.50705e+029, 1.51922e+029, 1.51185e+029
