0, 0, 0, 0, 0
0.01, 0.467638, 0.98259, 0.467638, 0.98259
0.02, 0.723496, 1.47889, 0.723495, 1.47889
0.03, 0.868956, 1.70854, 0.868957, 1.70854
0.04, 0.939939, 1.77065, 0.93994, 1.77064
0.05, 0.974652, 1.75241, 0.974653, 1.75241
0.06, 0.989893, 1.69481, 0.989894, 1.6948
0.07, 0.996892, 1.62186, 0.996892, 1.62185
0.08, 0.999761, 1.54335, 0.999761, 1.54334
0.09, 1.00094, 1.46439, 1.00094, 1.46438
0.1, 1.00129, 1.38693, 1.00129, 1.38692
0.11, 1.00129, 1.31196, 1.00129, 1.31195
0.12, 1.00112, 1.23981, 1.00112, 1.2398
0.13, 1.00088, 1.17062, 1.00088, 1.17061
0.14, 1.00061, 1.1044, 1.00061, 1.1044
0.15, 1.00031, 1.04113, 1.00031, 1.04112
0.16, 1.00002, 0.980736, 1.00002, 0.980729
0.17, 0.999712, 0.923161, 0.999712, 0.923154
0.18, 0.999408, 0.86833, 0.999408, 0.868323
0.19, 0.999103, 0.81617, 0.999103, 0.816164
0.2, 0.998799, 0.766606, 0.998799, 0.766599
0.21, 0.998497, 0.719561, 0.998497, 0.719555
0.22, 0.998196, 0.67496, 0.998196, 0.674954
0.23, 0.997898, 0.632727, 0.997898, 0.632721
0.24, 0.997603, 0.592786, 0.997603, 0.59278
0.25, 0.997312, 0.555062, 0.997312, 0.555057
0.26, 0.997024, 0.519482, 0.997024, 0.519476
0.27, 0.99674, 0.48597, 0.99674, 0.485965
0.28, 0.99646, 0.454455, 0.99646, 0.454449
0.29, 0.996186, 0.424863, 0.996186, 0.424858
0.3, 0.995916, 0.397124, 0.995916, 0.397119
0.31, 0.995651, 0.371168, 0.995651, 0.371164
0.32, 0.995392, 0.346926, 0.995392, 0.346922
0.33, 0.995138, 0.32433, 0.995138, 0.324326
0.34, 0.99489, 0.303315, 0.99489, 0.30331
0.35, 0.994648, 0.283813, 0.994648, 0.283809
0.36, 0.994412, 0.265763, 0.994412, 0.265759
0.37, 0.994183, 0.249102, 0.994183, 0.249098
0.38, 0.993959, 0.233768, 0.993959, 0.233765
0.39, 0.993741, 0.219703, 0.993741, 0.2197
0.4, 0.99353, 0.206849, 0.99353, 0.206846
0.41, 0.993325, 0.195149, 0.993325, 0.195146
0.42, 0.993126, 0.184548, 0.993126, 0.184545
0.43, 0.992934, 0.174994, 0.992934, 0.174991
0.44, 0.992747, 0.166434, 0.992747, 0.166432
0.45, 0.992567, 0.158819, 0.992567, 0.158816
0.46, 0.992393, 0.152099, 0.992393, 0.152096
0.47, 0.992226, 0.146228, 0.992226, 0.146225
0.48, 0.992064, 0.14116, 0.992064, 0.141157
0.49, 0.991908, 0.13685, 0.991908, 0.136848
0.5, 0.991758, 0.133257, 0.991758, 0.133255
0.51, 0.991613, 0.13034, 0.991613, 0.130337
0.52, 0.991475, 0.128058, 0.991475, 0.128055
0.53, 0.991342, 0.126373, 0.991342, 0.126371
0.54, 0.991214, 0.125249, 0.991214, 0.125247
0.55, 0.991092, 0.124651, 0.991092, 0.124649
0.56, 0.990974, 0.124544, 0.990974, 0.124542
0.57, 0.990862, 0.124896, 0.990862, 0.124895
0.58, 0.990755, 0.125676, 0.990755, 0.125674
0.59, 0.990653, 0.126853, 0.990653, 0.126851
0.6, 0.990555, 0.128399, 0.990555, 0.128397
0.61, 0.990462, 0.130286, 0.990462, 0.130284
0.62, 0.990374, 0.132488, 0.990374, 0.132486
0.63, 0.99029, 0.13498, 0.99029, 0.134978
0.64, 0.99021, 0.137737, 0.99021, 0.137736
0.65, 0.990134, 0.140738, 0.990134, 0.140737
0.66, 0.990062, 0.14396, 0.990062, 0.143958
0.67, 0.989993, 0.147382, 0.989993, 0.14738
0.68, 0.989929, 0.150984, 0.989929, 0.150983
0.69, 0.989868, 0.154748, 0.989868, 0.154747
0.7, 0.98981, 0.158656, 0.98981, 0.158655
0.71, 0.989756, 0.162692, 0.989756, 0.162691
0.72, 0.989705, 0.166838, 0.989705, 0.166837
0.73, 0.989657, 0.17108, 0.989657, 0.171079
0.74, 0.989612, 0.175404, 0.989612, 0.175403
0.75, 0.98957, 0.179795, 0.98957, 0.179795
0.76, 0.989531, 0.184243, 0.989531, 0.184242
0.77, 0.989494, 0.188733, 0.989494, 0.188732
0.78, 0.98946, 0.193255, 0.98946, 0.193255
0.79, 0.989428, 0.197799, 0.989428, 0.197799
0.8, 0.989398, 0.202355, 0.989398, 0.202354
0.81, 0.989371, 0.206913, 0.989371, 0.206912
0.82, 0.989346, 0.211465, 0.989346, 0.211464
0.83, 0.989323, 0.216002, 0.989323, 0.216001
0.839999, 0.989301, 0.220517, 0.989301, 0.220517
0.849999, 0.989282, 0.225004, 0.989282, 0.225003
0.859999, 0.989264, 0.229455, 0.989264, 0.229455
0.869999, 0.989248, 0.233865, 0.989248, 0.233865
0.879999, 0.989234, 0.238228, 0.989234, 0.238228
0.889999, 0.989221, 0.24254, 0.989221, 0.242539
0.899999, 0.98921, 0.246795, 0.989209, 0.246795
0.909999, 0.989199, 0.250989, 0.989199, 0.250989
0.919999, 0.989191, 0.25512, 0.989191, 0.25512
0.929999, 0.989183, 0.259183, 0.989183, 0.259183
0.939999, 0.989176, 0.263174, 0.989176, 0.263175
0.949999, 0.989171, 0.267093, 0.989171, 0.267093
0.959999, 0.989167, 0.270935, 0.989167, 0.270936
0.969999, 0.989163, 0.2747, 0.989163, 0.2747
0.979999, 0.989161, 0.278384, 0.989161, 0.278385
0.989999, 0.989159, 0.281988, 0.989159, 0.281988
0.999999, 0.989158, 0.285508, 0.989158, 0.285508
1.01, 0.989158, 0.288945, 0.989158, 0.288945
1.02, 0.989159, 0.292297, 0.989159, 0.292297
1.03, 0.98916, 0.295564, 0.98916, 0.295564
1.04, 0.989162, 0.298745, 0.989162, 0.298745
1.05, 0.989164, 0.30184, 0.989164, 0.30184
1.06, 0.989167, 0.30485, 0.989167, 0.30485
1.07, 0.989171, 0.307773, 0.989171, 0.307773
1.08, 0.989174, 0.310611, 0.989174, 0.310611
1.09, 0.989179, 0.313364, 0.989179, 0.313364
1.1, 0.989183, 0.316032, 0.989183, 0.316032
1.11, 0.989188, 0.318616, 0.989188, 0.318616
1.12, 0.989193, 0.321117, 0.989193, 0.321117
1.13, 0.989199, 0.323536, 0.989199, 0.323536
1.14, 0.989205, 0.325873, 0.989205, 0.325873
1.15, 0.989211, 0.328129, 0.989211, 0.328129
1.16, 0.989217, 0.330307, 0.989217, 0.330307
1.17, 0.989223, 0.332406, 0.989223, 0.332406
1.18, 0.98923, 0.334429, 0.98923, 0.334429
1.19, 0.989236, 0.336377, 0.989236, 0.336376
1.2, 0.989243, 0.33825, 0.989243, 0.33825
1.21, 0.98925, 0.340051, 0.98925, 0.34005
1.22, 0.989256, 0.34178, 0.989256, 0.34178
1.23, 0.989263, 0.34344, 0.989263, 0.34344
1.24, 0.98927, 0.345032, 0.98927, 0.345032
1.25, 0.989277, 0.346557, 0.989277, 0.346557
1.26, 0.989284, 0.348018, 0.989284, 0.348017
1.27, 0.989291, 0.349415, 0.989291, 0.349414
1.28, 0.989298, 0.35075, 0.989298, 0.350749
1.29, 0.989305, 0.352025, 0.989305, 0.352024
1.3, 0.989312, 0.353241, 0.989312, 0.353241
1.31, 0.989318, 0.354401, 0.989318, 0.3544
1.32, 0.989325, 0.355505, 0.989325, 0.355505
1.33, 0.989332, 0.356555, 0.989332, 0.356555
1.34, 0.989338, 0.357554, 0.989338, 0.357554
1.35, 0.989345, 0.358502, 0.989345, 0.358502
1.36, 0.989351, 0.359401, 0.989351, 0.359401
1.37, 0.989358, 0.360253, 0.989358, 0.360252
1.38, 0.989364, 0.361059, 0.989364, 0.361058
1.39, 0.98937, 0.36182, 0.98937, 0.36182
1.4, 0.989376, 0.362539, 0.989376, 0.362539
1.41, 0.989382, 0.363217, 0.989382, 0.363217
1.42, 0.989387, 0.363855, 0.989387, 0.363855
1.43, 0.989393, 0.364455, 0.989393, 0.364455
1.44, 0.989398, 0.365018, 0.989398, 0.365018
1.45, 0.989404, 0.365546, 0.989404, 0.365546
1.46, 0.989409, 0.366039, 0.989409, 0.366039
1.47, 0.989414, 0.3665, 0.989414, 0.3665
1.48, 0.989419, 0.366929, 0.989419, 0.366929
1.49, 0.989424, 0.367328, 0.989424, 0.367328
1.5, 0.989429, 0.367698, 0.989429, 0.367698
1.51, 0.989433, 0.368041, 0.989433, 0.368041
1.52, 0.989438, 0.368357, 0.989438, 0.368357
1.53, 0.989442, 0.368647, 0.989442, 0.368647
1.54, 0.989446, 0.368914, 0.989446, 0.368914
1.55, 0.98945, 0.369157, 0.98945, 0.369158
1.56, 0.989454, 0.369379, 0.989454, 0.369379
1.57, 0.989458, 0.36958, 0.989458, 0.36958
1.58, 0.989462, 0.369761, 0.989462, 0.369761
1.59, 0.989465, 0.369923, 0.989465, 0.369923
1.6, 0.989469, 0.370066, 0.989469, 0.370067
1.61, 0.989472, 0.370193, 0.989472, 0.370194
1.62, 0.989475, 0.370304, 0.989475, 0.370304
1.63, 0.989478, 0.3704, 0.989478, 0.3704
1.64, 0.989481, 0.370481, 0.989481, 0.370481
1.65, 0.989484, 0.370548, 0.989484, 0.370548
1.66, 0.989487, 0.370603, 0.989487, 0.370603
1.67, 0.98949, 0.370645, 0.98949, 0.370645
1.68, 0.989492, 0.370676, 0.989492, 0.370676
1.69, 0.989495, 0.370697, 0.989495, 0.370697
1.7, 0.989497, 0.370707, 0.989497, 0.370707
1.71, 0.989499, 0.370708, 0.989499, 0.370708
1.72, 0.989501, 0.370701, 0.989501, 0.370701
1.73, 0.989503, 0.370685, 0.989503, 0.370685
1.74, 0.989505, 0.370662, 0.989505, 0.370662
1.75, 0.989507, 0.370631, 0.989507, 0.370631
1.76, 0.989509, 0.370595, 0.989509, 0.370595
1.77, 0.98951, 0.370552, 0.98951, 0.370552
1.78, 0.989512, 0.370504, 0.989512, 0.370504
1.79, 0.989514, 0.37045, 0.989514, 0.37045
1.8, 0.989515, 0.370392, 0.989515, 0.370392
1.81, 0.989516, 0.37033, 0.989516, 0.37033
1.82, 0.989518, 0.370264, 0.989518, 0.370264
1.83, 0.989519, 0.370194, 0.989519, 0.370194
1.84, 0.98952, 0.370122, 0.98952, 0.370122
1.85, 0.989521, 0.370047, 0.989521, 0.370047
1.86, 0.989522, 0.369969, 0.989522, 0.369969
1.87, 0.989523, 0.369889, 0.989523, 0.369889
1.88, 0.989524, 0.369808, 0.989524, 0.369808
1.89, 0.989525, 0.369725, 0.989525, 0.369725
1.9, 0.989525, 0.36964, 0.989525, 0.36964
1.91, 0.989526, 0.369555, 0.989526, 0.369555
1.92, 0.989527, 0.369469, 0.989527, 0.369468
1.93, 0.989528, 0.369381, 0.989528, 0.369381
1.94, 0.989528, 0.369294, 0.989528, 0.369294
1.95, 0.989529, 0.369207, 0.989529, 0.369207
1.96, 0.989529, 0.369118, 0.989529, 0.369118
1.97, 0.98953, 0.369031, 0.98953, 0.369031
1.98, 0.98953, 0.368944, 0.98953, 0.368944
1.99, 0.989531, 0.368856, 0.989531, 0.368856
2, 0.989531, 0.36877, 0.989531, 0.36877
2.01, 0.989532, 0.368685, 0.989532, 0.368685
2.02, 0.989532, 0.3686, 0.989532, 0.3686
2.03, 0.989532, 0.368517, 0.989532, 0.368516
2.04, 0.989532, 0.368434, 0.989532, 0.368434
2.05, 0.989533, 0.368352, 0.989533, 0.368352
2.06, 0.989533, 0.368272, 0.989533, 0.368272
2.07, 0.989533, 0.368193, 0.989533, 0.368193
2.08, 0.989533, 0.368115, 0.989533, 0.368115
2.09, 0.989533, 0.368038, 0.989533, 0.368038
2.1, 0.989533, 0.367963, 0.989533, 0.367963
2.11, 0.989533, 0.36789, 0.989533, 0.36789
2.12, 0.989533, 0.367818, 0.989533, 0.367818
2.13, 0.989533, 0.367747, 0.989533, 0.367748
2.14, 0.989533, 0.367679, 0.989533, 0.367679
2.15, 0.989533, 0.367611, 0.989533, 0.367611
2.16, 0.989533, 0.367546, 0.989533, 0.367546
2.17, 0.989533, 0.367482, 0.989533, 0.367482
2.18, 0.989533, 0.367419, 0.989533, 0.367419
2.19, 0.989533, 0.367359, 0.989533, 0.367359
2.2, 0.989533, 0.3673, 0.989533, 0.3673
2.21, 0.989533, 0.367242, 0.989533, 0.367242
2.22, 0.989533, 0.367187, 0.989533, 0.367187
2.23, 0.989533, 0.367133, 0.989533, 0.367132
2.24, 0.989533, 0.36708, 0.989533, 0.36708
2.25, 0.989533, 0.367029, 0.989533, 0.367029
2.26, 0.989533, 0.36698, 0.989533, 0.36698
2.27, 0.989533, 0.366933, 0.989533, 0.366933
2.28, 0.989533, 0.366886, 0.989533, 0.366887
2.29, 0.989533, 0.366842, 0.989533, 0.366842
2.3, 0.989532, 0.366799, 0.989532, 0.366799
2.31, 0.989532, 0.366758, 0.989532, 0.366758
2.32, 0.989532, 0.366718, 0.989532, 0.366718
2.33, 0.989532, 0.36668, 0.989532, 0.36668
2.34, 0.989532, 0.366643, 0.989532, 0.366643
2.35, 0.989532, 0.366607, 0.989532, 0.366607
2.36, 0.989532, 0.366573, 0.989532, 0.366573
2.37, 0.989532, 0.36654, 0.989532, 0.36654
2.38, 0.989531, 0.366509, 0.989531, 0.366509
2.39, 0.989531, 0.366479, 0.989531, 0.366479
2.4, 0.989531, 0.36645, 0.989531, 0.36645
2.41, 0.989531, 0.366422, 0.989531, 0.366422
2.42, 0.989531, 0.366396, 0.989531, 0.366396
2.43, 0.989531, 0.366371, 0.989531, 0.366371
2.44, 0.989531, 0.366347, 0.989531, 0.366347
2.45, 0.98953, 0.366324, 0.98953, 0.366324
2.46, 0.98953, 0.366302, 0.98953, 0.366302
2.47, 0.98953, 0.366281, 0.98953, 0.366281
2.48, 0.98953, 0.366261, 0.98953, 0.366261
2.49, 0.98953, 0.366242, 0.98953, 0.366242
2.5, 0.98953, 0.366225, 0.98953, 0.366225
2.51, 0.98953, 0.366208, 0.98953, 0.366208
2.52, 0.98953, 0.366192, 0.98953, 0.366192
2.53, 0.989529, 0.366177, 0.989529, 0.366177
2.54, 0.989529, 0.366162, 0.989529, 0.366162
2.55, 0.989529, 0.366149, 0.989529, 0.366149
2.56, 0.989529, 0.366136, 0.989529, 0.366136
2.57, 0.989529, 0.366124, 0.989529, 0.366124
2.58, 0.989529, 0.366112, 0.989529, 0.366112
2.59, 0.989529, 0.366102, 0.989529, 0.366102
2.6, 0.989529, 0.366092, 0.989529, 0.366092
2.61, 0.989529, 0.366082, 0.989529, 0.366082
2.62, 0.989529, 0.366074, 0.989529, 0.366074
2.63, 0.989528, 0.366066, 0.989528, 0.366066
2.64, 0.989528, 0.366058, 0.989528, 0.366058
2.65, 0.989528, 0.366051, 0.989528, 0.366051
2.66, 0.989528, 0.366045, 0.989528, 0.366045
2.67, 0.989528, 0.366039, 0.989528, 0.366039
2.68, 0.989528, 0.366033, 0.989528, 0.366033
2.69, 0.989528, 0.366029, 0.989528, 0.366029
2.7, 0.989528, 0.366024, 0.989528, 0.366024
2.71, 0.989528, 0.36602, 0.989528, 0.36602
2.72, 0.989528, 0.366016, 0.989528, 0.366016
2.73, 0.989528, 0.366013, 0.989528, 0.366013
2.74, 0.989528, 0.36601, 0.989528, 0.36601
2.75, 0.989527, 0.366008, 0.989527, 0.366008
2.76, 0.989527, 0.366005, 0.989527, 0.366006
2.77, 0.989527, 0.366003, 0.989527, 0.366004
2.78, 0.989527, 0.366002, 0.989527, 0.366002
2.79, 0.989527, 0.366, 0.989527, 0.366
2.8, 0.989527, 0.365999, 0.989527, 0.365999
2.81, 0.989527, 0.365998, 0.989527, 0.365998
2.82, 0.989527, 0.365998, 0.989527, 0.365998
2.83, 0.989527, 0.365997, 0.989527, 0.365997
2.84, 0.989527, 0.365997, 0.989527, 0.365997
2.85, 0.989527, 0.365997, 0.989527, 0.365997
2.86, 0.989527, 0.365997, 0.989527, 0.365997
2.87, 0.989527, 0.365997, 0.989527, 0.365997
2.88, 0.989527, 0.365998, 0.989527, 0.365998
2.89, 0.989527, 0.365998, 0.989527, 0.365998
2.9, 0.989527, 0.365999, 0.989527, 0.365999
2.91, 0.989527, 0.366, 0.989527, 0.366
2.92, 0.989527, 0.366001, 0.989527, 0.366001
2.93, 0.989527, 0.366002, 0.989527, 0.366002
2.94, 0.989527, 0.366003, 0.989527, 0.366003
2.95, 0.989527, 0.366004, 0.989527, 0.366004
2.96, 0.989527, 0.366005, 0.989527, 0.366006
2.97, 0.989527, 0.366007, 0.989527, 0.366007
2.98, 0.989527, 0.366008, 0.989527, 0.366009
2.99, 0.989526, 0.36601, 0.989527, 0.36601
3, 0.989526, 0.366012, 0.989526, 0.366012
3.01, 0.989526, 0.366013, 0.989526, 0.366013
3.02, 0.989526, 0.366015, 0.989526, 0.366015
3.03, 0.989526, 0.366017, 0.989526, 0.366016
3.04, 0.989526, 0.366018, 0.989526, 0.366018
3.05, 0.989526, 0.36602, 0.989526, 0.36602
3.06, 0.989526, 0.366022, 0.989526, 0.366022
3.07, 0.989526, 0.366023, 0.989526, 0.366023
3.08, 0.989526, 0.366025, 0.989526, 0.366025
3.09, 0.989526, 0.366027, 0.989526, 0.366027
3.1, 0.989526, 0.366029, 0.989526, 0.366029
3.11, 0.989526, 0.36603, 0.989526, 0.36603
3.12, 0.989526, 0.366032, 0.989526, 0.366032
3.13, 0.989526, 0.366034, 0.989526, 0.366034
3.14, 0.989526, 0.366036, 0.989526, 0.366036
3.15, 0.989526, 0.366037, 0.989526, 0.366037
3.16, 0.989526, 0.366039, 0.989526, 0.366039
3.17, 0.989526, 0.366041, 0.989526, 0.366041
3.18, 0.989526, 0.366042, 0.989526, 0.366043
3.19, 0.989526, 0.366044, 0.989526, 0.366044
3.2, 0.989526, 0.366046, 0.989526, 0.366046
3.21, 0.989526, 0.366047, 0.989526, 0.366047
3.22, 0.989526, 0.366049, 0.989526, 0.366049
3.23, 0.989526, 0.36605, 0.989526, 0.36605
3.24, 0.989526, 0.366052, 0.989526, 0.366052
3.25, 0.989526, 0.366053, 0.989526, 0.366053
3.26, 0.989526, 0.366055, 0.989526, 0.366055
3.27, 0.989526, 0.366056, 0.989526, 0.366056
3.28, 0.989526, 0.366058, 0.989526, 0.366058
3.29, 0.989526, 0.366059, 0.989526, 0.366059
3.3, 0.989526, 0.36606, 0.989526, 0.36606
3.31, 0.989526, 0.366062, 0.989526, 0.366062
3.32, 0.989526, 0.366063, 0.989526, 0.366063
3.33, 0.989526, 0.366064, 0.989526, 0.366064
3.34, 0.989526, 0.366065, 0.989526, 0.366065
3.35, 0.989526, 0.366067, 0.989526, 0.366067
3.36, 0.989526, 0.366068, 0.989526, 0.366068
3.37, 0.989526, 0.366069, 0.989526, 0.366069
3.38, 0.989526, 0.36607, 0.989526, 0.36607
3.39, 0.989526, 0.366071, 0.989526, 0.366071
3.4, 0.989526, 0.366072, 0.989526, 0.366072
3.41, 0.989526, 0.366073, 0.989526, 0.366073
3.42, 0.989526, 0.366074, 0.989526, 0.366074
3.43, 0.989526, 0.366075, 0.989526, 0.366075
3.44, 0.989526, 0.366076, 0.989526, 0.366076
3.45, 0.989526, 0.366076, 0.989526, 0.366076
3.46, 0.989526, 0.366077, 0.989526, 0.366077
3.47, 0.989526, 0.366078, 0.989526, 0.366078
3.48, 0.989526, 0.366079, 0.989526, 0.366079
3.49, 0.989526, 0.366079, 0.989526, 0.366079
3.5, 0.989526, 0.36608, 0.989526, 0.36608
3.51, 0.989526, 0.366081, 0.989526, 0.366081
3.52, 0.989526, 0.366081, 0.989526, 0.366081
3.53, 0.989526, 0.366082, 0.989526, 0.366082
3.54, 0.989526, 0.366083, 0.989526, 0.366082
3.55, 0.989526, 0.366083, 0.989526, 0.366083
3.56, 0.989526, 0.366084, 0.989526, 0.366083
3.57, 0.989526, 0.366084, 0.989526, 0.366084
3.58, 0.989526, 0.366084, 0.989526, 0.366084
3.59, 0.989526, 0.366085, 0.989526, 0.366085
3.6, 0.989526, 0.366085, 0.989526, 0.366085
3.61, 0.989526, 0.366086, 0.989526, 0.366086
3.62, 0.989526, 0.366086, 0.989526, 0.366086
3.63, 0.989526, 0.366086, 0.989526, 0.366086
3.64, 0.989526, 0.366087, 0.989526, 0.366087
3.65, 0.989526, 0.366087, 0.989526, 0.366087
3.66, 0.989526, 0.366087, 0.989526, 0.366087
3.67, 0.989526, 0.366088, 0.989526, 0.366088
3.68, 0.989526, 0.366088, 0.989526, 0.366088
3.69, 0.989526, 0.366088, 0.989526, 0.366088
3.7, 0.989526, 0.366088, 0.989526, 0.366088
3.71, 0.989526, 0.366089, 0.989526, 0.366089
3.72, 0.989526, 0.366089, 0.989526, 0.366089
3.73, 0.989526, 0.366089, 0.989526, 0.366089
3.74, 0.989526, 0.366089, 0.989526, 0.366089
3.75, 0.989526, 0.366089, 0.989526, 0.366089
3.76, 0.989526, 0.366089, 0.989526, 0.366089
3.77, 0.989526, 0.366089, 0.989526, 0.366089
3.78, 0.989526, 0.36609, 0.989526, 0.36609
3.79, 0.989526, 0.36609, 0.989526, 0.36609
3.8, 0.989526, 0.36609, 0.989526, 0.36609
3.81, 0.989526, 0.36609, 0.989526, 0.36609
3.82, 0.989526, 0.36609, 0.989526, 0.36609
3.83, 0.989526, 0.36609, 0.989526, 0.36609
3.84, 0.989526, 0.36609, 0.989526, 0.36609
3.85, 0.989526, 0.366091, 0.989526, 0.36609
3.86, 0.989526, 0.366091, 0.989526, 0.36609
3.87, 0.989526, 0.36609, 0.989526, 0.36609
3.88, 0.989526, 0.366091, 0.989526, 0.36609
3.89, 0.989526, 0.366091, 0.989526, 0.36609
3.9, 0.989526, 0.366091, 0.989526, 0.36609
3.91, 0.989526, 0.366091, 0.989526, 0.36609
3.92, 0.989526, 0.366091, 0.989526, 0.36609
3.93, 0.989526, 0.366091, 0.989526, 0.36609
3.94, 0.989526, 0.366091, 0.989526, 0.366091
3.95, 0.989526, 0.366091, 0.989526, 0.366091
3.96, 0.989526, 0.366091, 0.989526, 0.366091
3.97, 0.989526, 0.366091, 0.989526, 0.366091
3.98, 0.989526, 0.366091, 0.989526, 0.366091
3.99, 0.989526, 0.366091, 0.989526, 0.366091
4, 0.989526, 0.366091, 0.989526, 0.366091
4.01, 0.989526, 0.366091, 0.989526, 0.366091
4.02, 0.989526, 0.366091, 0.989526, 0.36609
4.03, 0.989526, 0.366091, 0.989526, 0.36609
4.04, 0.989526, 0.366091, 0.989526, 0.36609
4.05, 0.989526, 0.366091, 0.989526, 0.36609
4.06, 0.989526, 0.366091, 0.989526, 0.36609
4.07, 0.989526, 0.366091, 0.989526, 0.36609
4.08, 0.989526, 0.36609, 0.989526, 0.36609
4.09, 0.989526, 0.36609, 0.989526, 0.36609
4.1, 0.989526, 0.36609, 0.989526, 0.36609
4.11, 0.989526, 0.36609, 0.989526, 0.36609
4.12, 0.989526, 0.36609, 0.989526, 0.36609
4.13, 0.989526, 0.36609, 0.989526, 0.36609
4.14, 0.989526, 0.36609, 0.989526, 0.36609
4.15, 0.989526, 0.36609, 0.989526, 0.36609
4.16, 0.989526, 0.36609, 0.989526, 0.36609
4.17, 0.989526, 0.36609, 0.989526, 0.36609
4.18, 0.989526, 0.36609, 0.989526, 0.36609
4.19, 0.989526, 0.36609, 0.989526, 0.36609
4.2, 0.989526, 0.36609, 0.989526, 0.36609
4.21, 0.989526, 0.36609, 0.989526, 0.36609
4.22, 0.989526, 0.36609, 0.989526, 0.36609
4.23, 0.989526, 0.36609, 0.989526, 0.36609
4.24, 0.989526, 0.36609, 0.989526, 0.36609
4.25, 0.989526, 0.36609, 0.989526, 0.36609
4.26, 0.989526, 0.36609, 0.989526, 0.36609
4.27, 0.989526, 0.36609, 0.989526, 0.36609
4.28, 0.989526, 0.36609, 0.989526, 0.36609
4.29, 0.989526, 0.36609, 0.989526, 0.36609
4.3, 0.989526, 0.36609, 0.989526, 0.36609
4.31, 0.989526, 0.36609, 0.989526, 0.36609
4.32, 0.989526, 0.36609, 0.989526, 0.36609
4.33, 0.989526, 0.36609, 0.989526, 0.36609
4.34, 0.989526, 0.36609, 0.989526, 0.36609
4.35, 0.989526, 0.36609, 0.989526, 0.36609
4.36, 0.989526, 0.36609, 0.989526, 0.36609
4.37001, 0.989526, 0.366089, 0.989526, 0.36609
4.38001, 0.989526, 0.366089, 0.989526, 0.36609
4.39001, 0.989526, 0.366089, 0.989526, 0.366089
4.40001, 0.989526, 0.366089, 0.989526, 0.366089
4.41001, 0.989526, 0.366089, 0.989526, 0.366089
4.42001, 0.989526, 0.366089, 0.989526, 0.366089
4.43001, 0.989526, 0.366089, 0.989526, 0.366089
4.44001, 0.989526, 0.366089, 0.989526, 0.366089
4.45001, 0.989526, 0.366089, 0.989526, 0.366089
4.46001, 0.989526, 0.366089, 0.989526, 0.366089
4.47001, 0.989526, 0.366089, 0.989526, 0.366089
4.48001, 0.989526, 0.366089, 0.989526, 0.366089
4.49001, 0.989526, 0.366089, 0.989526, 0.366089
4.50001, 0.989526, 0.366089, 0.989526, 0.366089
4.51001, 0.989526, 0.366089, 0.989526, 0.366089
4.52001, 0.989526, 0.366089, 0.989526, 0.366089
4.53001, 0.989526, 0.366089, 0.989526, 0.366089
4.54001, 0.989526, 0.366089, 0.989526, 0.366089
4.55001, 0.989526, 0.366089, 0.989526, 0.366089
4.56001, 0.989526, 0.366089, 0.989526, 0.366089
4.57001, 0.989526, 0.366089, 0.989526, 0.366089
4.58001, 0.989526, 0.366089, 0.989526, 0.366089
4.59001, 0.989526, 0.366089, 0.989526, 0.366089
4.60001, 0.989526, 0.366089, 0.989526, 0.366089
4.61001, 0.989526, 0.366089, 0.989526, 0.366089
4.62001, 0.989526, 0.366089, 0.989526, 0.366089
4.63001, 0.989526, 0.366089, 0.989526, 0.366089
4.64001, 0.989526, 0.366089, 0.989526, 0.366089
4.65001, 0.989526, 0.366089, 0.989526, 0.366089
4.66001, 0.989526, 0.366089, 0.989526, 0.366089
4.67001, 0.989526, 0.366089, 0.989526, 0.366089
4.68001, 0.989526, 0.366089, 0.989526, 0.366089
4.69001, 0.989526, 0.366089, 0.989526, 0.366089
4.70001, 0.989526, 0.366089, 0.989526, 0.366089
4.71001, 0.989526, 0.366089, 0.989526, 0.366089
4.72001, 0.989526, 0.366089, 0.989526, 0.366089
4.73001, 0.989526, 0.366089, 0.989526, 0.366089
4.74001, 0.989526, 0.366089, 0.989526, 0.366089
4.75001, 0.989526, 0.366089, 0.989526, 0.366089
4.76001, 0.989526, 0.366089, 0.989526, 0.366089
4.77001, 0.989526, 0.366089, 0.989526, 0.366089
4.78001, 0.989526, 0.366089, 0.989526, 0.366089
4.79001, 0.989526, 0.366089, 0.989526, 0.366089
4.80001, 0.989526, 0.366089, 0.989526, 0.366089
4.81002, 0.989526, 0.366089, 0.989526, 0.366089
4.82002, 0.989526, 0.366089, 0.989526, 0.366089
4.83002, 0.989526, 0.366089, 0.989526, 0.366089
4.84002, 0.989526, 0.366089, 0.989526, 0.366089
4.85002, 0.989526, 0.366089, 0.989526, 0.366089
4.86002, 0.989526, 0.366089, 0.989526, 0.366089
4.87002, 0.989526, 0.366089, 0.989526, 0.366089
4.88002, 0.989526, 0.366089, 0.989526, 0.366089
4.89002, 0.989526, 0.366089, 0.989526, 0.366088
4.90002, 0.989526, 0.366089, 0.989526, 0.366088
4.91002, 0.989526, 0.366089, 0.989526, 0.366089
4.92002, 0.989526, 0.366089, 0.989526, 0.366089
4.93002, 0.989526, 0.366088, 0.989526, 0.366088
4.94002, 0.989526, 0.366088, 0.989526, 0.366088
4.95002, 0.989526, 0.366088, 0.989526, 0.366088
4.96002, 0.989526, 0.366088, 0.989526, 0.366088
4.97002, 0.989526, 0.366088, 0.989526, 0.366088
4.98002, 0.989526, 0.366088, 0.989526, 0.366088
4.99002, 0.989526, 0.366088, 0.989526, 0.366088
