0, 0, 0, 0, 0, 9.69697, -9.69697
0.01, 0, 0, 0, 1.55514, 12.7838, -12.7838
0.02, 2.56579e-007, -4.35039e-008, 4.35039e-008, 3.53378, 13.4421, -13.4421
0.03, 0, 0, 0, 5.13041, 12.5422, -12.5422
0.04, 0, 0, 0, 5.96938, 10.8293, -10.8293
0.05, 0, 0, 0, 6.04926, 8.85062, -8.85062
0.06, 0, 0, 0, 5.56464, 6.94141, -6.94141
0.07, 0, 0, 0, 4.75557, 5.26632, -5.26632
0.08, 0, 0, 0, 3.82579, 3.879, -3.879
0.09, 0, 0, 0, 2.91618, 2.77304, -2.77304
0.1, -1.55236e-007, 7.23965e-008, -7.23965e-008, 2.10812, 1.91577, -1.91577
0.11, 0, 0, 0, 1.43781, 1.26697, -1.26697
0.12, -2.38777e-007, 1.68879e-007, -1.68879e-007, 0.911624, 0.787532, -0.787531
0.13, 0, 0, 0, 0.518592, 0.442772, -0.442772
0.14, 0, 0, 0, 0.239327, 0.203117, -0.203117
0.15, 2.64841e-008, -1.63889e-008, 1.63889e-008, 0.0518021, 0.0438738, -0.0438739
0.16, 0, 0, 0, -0.0652352, -0.055276, 0.055276
0.17, 0, 4.78704e-009, -4.78704e-009, -0.130509, -0.110799, 0.110799
0.18, 0, 0, 0, -0.159519, -0.13579, 0.13579
0.19, 3.0098e-008, -1.35216e-008, 1.35216e-008, -0.164487, -0.140428, 0.140428
0.2, 3.00377e-008, -1.05432e-008, 1.05432e-008, -0.15465, -0.132404, 0.132404
0.21, 0, 0, 0, -0.136704, -0.11734, 0.11734
0.22, 0, 0, 0, -0.115293, -0.0991813, 0.0991813
0.23, 0, 3.19534e-011, -3.19534e-011, -0.0934719, -0.0805557, 0.0805557
0.24, 0, 0, 0, -0.0730987, -0.0630888, 0.0630888
0.25, 0, 6.02443e-009, -6.02443e-009, -0.0551765, -0.0476735, 0.0476735
0.26, -7.45659e-009, 4.50159e-009, -4.50159e-009, -0.0401178, -0.0346909, 0.0346909
0.27, 0, 0, 0, -0.027947, -0.0241805, 0.0241805
0.28, 0, 0, 0, -0.018457, -0.0159757, 0.0159757
0.29, 1.86253e-009, -1.13138e-009, 1.13138e-009, -0.0113146, -0.009796, 0.00979599
0.3, 1.39676e-009, -1.05665e-009, 1.05665e-009, -0.00613876, -0.00531558, 0.00531558
0.31, 2.32781e-009, -1.22669e-009, 1.22669e-009, -0.00254711, -0.00220571, 0.00220571
0.32, -2.1241e-009, 1.22143e-009, -1.22143e-009, -0.000187658, -0.000162507, 0.000162509
0.33, -1.74585e-009, 9.78911e-010, -9.78911e-010, 0.00124745, 0.00108026, -0.00108025
0.34, -2.09507e-009, 1.08183e-009, -1.08183e-009, 0.00201488, 0.00174477, -0.00174477
0.35, -1.16396e-009, 8.08799e-010, -8.08799e-010, 0.00232055, 0.00200938, -0.00200937
0.36, -1.3968e-009, 9.37685e-010, -9.37685e-010, 0.00232477, 0.00201295, -0.00201295
0.37, -1.6296e-009, 9.594e-010, -9.594e-010, 0.00215764, 0.00186824, -0.00186823
0.38, 4.65624e-009, -2.85183e-009, 2.85183e-009, 0.00192491, 0.00166659, -0.0016666
0.39, 1.62972e-009, -9.75584e-010, 9.75584e-010, 0.00158398, 0.00137137, -0.00137138
0.4, -4.88925e-009, 2.81728e-009, -2.81728e-009, 0.00125608, 0.00108746, -0.00108745
0.41, -1.74618e-009, 9.79558e-010, -9.79558e-010, 0.000961246, 0.000832188, -0.000832186
0.42, -1.57158e-009, 9.39809e-010, -9.39809e-010, 0.000709133, 0.000613915, -0.000613914
0.43, -1.6298e-009, 9.36516e-010, -9.36516e-010, 0.000502422, 0.000434956, -0.000434954
0.44, -1.60071e-009, 9.3421e-010, -9.3421e-010, 0.000339068, 0.000293535, -0.000293534
0.45, 1.68802e-009, -9.81993e-010, 9.81993e-010, 0.000214315, 0.000185533, -0.000185534
0.46, 1.70258e-009, -9.85194e-010, 9.85194e-010, 0.000122441, 0.000105997, -0.000105999
0.47, 1.70986e-009, -9.86598e-010, 9.86598e-010, 5.75898e-005, 4.98548e-005, -4.98565e-005
0.48, -1.58616e-009, 9.1094e-010, -9.1094e-010, 7.10265e-005, 6.14887e-005, -6.14871e-005
0.49, -1.58616e-009, 9.16029e-010, -9.16029e-010, 1.44167e-005, 1.24814e-005, -1.24798e-005
0.5, 5.00224e-009, -2.8881e-009, 2.8881e-009, -2.05976e-005, -1.78339e-005, 1.78289e-005
0.51, 5.00224e-009, -2.88757e-009, 2.88757e-009, -4.00215e-005, -3.46492e-005, 3.46442e-005
0.52, 4.99132e-009, -2.8844e-009, 2.8844e-009, -4.78184e-005, -4.1399e-005, 4.1394e-005
0.53, -1.5898e-009, 9.20117e-010, -9.20117e-010, -4.788e-005, -4.14491e-005, 4.14507e-005
0.54, -1.60071e-009, 9.2159e-010, -9.2159e-010, -4.31149e-005, -3.73239e-005, 3.73255e-005
0.55, -1.59344e-009, 9.21317e-010, -9.21317e-010, -3.59413e-005, -3.11137e-005, 3.11153e-005
0.56, -1.59707e-009, 9.20117e-010, -9.20117e-010, -2.75602e-005, -2.38582e-005, 2.38598e-005
0.57, -1.59344e-009, 9.20024e-010, -9.20024e-010, -1.95296e-005, -1.69061e-005, 1.69077e-005
0.58, -1.59525e-009, 9.20857e-010, -9.20857e-010, -1.26417e-005, -1.09432e-005, 1.09448e-005
0.59, -1.59434e-009, 9.20523e-010, -9.20523e-010, -7.27935e-006, -6.30099e-006, 6.30258e-006
0.6, -1.59366e-009, 9.20379e-010, -9.20379e-010, -3.15697e-006, -2.73221e-006, 2.73381e-006
0.61, -1.59325e-009, 9.20206e-010, -9.20206e-010, -1.38224e-007, -1.18864e-007, 1.20458e-007
0.62, -1.59298e-009, 9.20082e-010, -9.20082e-010, 1.84831e-006, 1.60089e-006, -1.5993e-006
0.63, -1.59298e-009, 9.20089e-010, -9.20089e-010, 2.84157e-006, 2.46076e-006, -2.45917e-006
0.64, -1.59252e-009, 9.19925e-010, -9.19925e-010, 3.34145e-006, 2.89351e-006, -2.89192e-006
0.65, -1.59253e-009, 9.19821e-010, -9.19821e-010, 3.10774e-006, 2.69119e-006, -2.6896e-006
0.66, 4.99813e-009, -2.88674e-009, 2.88674e-009, 2.51373e-006, 2.17365e-006, -2.17865e-006
0.67, -1.59253e-009, 9.198e-010, -9.198e-010, 1.73794e-006, 1.50534e-006, -1.50375e-006
0.68, -1.59264e-009, 9.19783e-010, -9.19783e-010, 8.68024e-007, 7.5225e-007, -7.50657e-007
0.69, -1.59247e-009, 9.19768e-010, -9.19768e-010, 4.33064e-007, 3.75703e-007, -3.7411e-007
0.7, -1.5925e-009, 9.19775e-010, -9.19775e-010, 2.1883e-007, 1.90239e-007, -1.88646e-007
0.71, -1.5925e-009, 9.19775e-010, -9.19775e-010, 1.08467e-007, 9.46971e-008, -9.31046e-008
0.72, -1.59252e-009, 9.19781e-010, -9.19781e-010, 5.65318e-008, 4.97362e-008, -4.81437e-008
0.73, -1.59252e-009, 9.1978e-010, -9.1978e-010, 3.0564e-008, 2.72557e-008, -2.56632e-008
0.74, -1.59252e-009, 9.1978e-010, -9.1978e-010, 1.75802e-008, 1.60155e-008, -1.4423e-008
0.75, -1.59252e-009, 9.19779e-010, -9.19779e-010, 1.10882e-008, 1.03954e-008, -8.80289e-009
0.76, -1.59252e-009, 9.19779e-010, -9.19779e-010, 4.59629e-009, 4.7753e-009, -3.18278e-009
0.77, -1.59252e-009, 9.19779e-010, -9.19779e-010, 4.59629e-009, 4.77529e-009, -3.18278e-009
0.78, -1.59252e-009, 9.19778e-010, -9.19778e-010, 4.59629e-009, 4.77529e-009, -3.18278e-009
0.79, -1.59252e-009, 9.19778e-010, -9.19778e-010, 4.59629e-009, 4.77529e-009, -3.18278e-009
0.8, -1.59252e-009, 9.19778e-010, -9.19778e-010, 4.59629e-009, 4.77529e-009, -3.18278e-009
0.81, -1.59252e-009, 9.19778e-010, -9.19778e-010, 4.59629e-009, 4.77529e-009, -3.18278e-009
0.82, -1.59252e-009, 9.19778e-010, -9.19778e-010, 4.59629e-009, 4.77529e-009, -3.18278e-009
0.83, -1.59252e-009, 9.19778e-010, -9.19778e-010, 4.59629e-009, 4.77529e-009, -3.18278e-009
0.839999, -1.59251e-009, 9.19778e-010, -9.19778e-010, 4.59629e-009, 4.77529e-009, -3.18278e-009
0.849999, -1.59251e-009, 9.19778e-010, -9.19778e-010, 4.59629e-009, 4.77529e-009, -3.18278e-009
0.859999, -1.59251e-009, 9.19777e-010, -9.19777e-010, 4.59629e-009, 4.77529e-009, -3.18278e-009
0.869999, -1.59251e-009, 9.19777e-010, -9.19777e-010, 4.59629e-009, 4.77529e-009, -3.18278e-009
0.879999, -1.59251e-009, 9.19777e-010, -9.19777e-010, 4.59629e-009, 4.77529e-009, -3.18278e-009
0.889999, -1.59251e-009, 9.19777e-010, -9.19777e-010, 4.59629e-009, 4.77529e-009, -3.18278e-009
0.899999, -1.59251e-009, 9.19777e-010, -9.19777e-010, 4.59629e-009, 4.77529e-009, -3.18278e-009
0.909999, -1.59251e-009, 9.19776e-010, -9.19776e-010, 4.59629e-009, 4.77529e-009, -3.18278e-009
0.919999, -1.59251e-009, 9.19776e-010, -9.19776e-010, 4.59629e-009, 4.77529e-009, -3.18278e-009
0.929999, -1.59251e-009, 9.19776e-010, -9.19776e-010, 4.59629e-009, 4.77529e-009, -3.18278e-009
0.939999, -1.59251e-009, 9.19776e-010, -9.19776e-010, 4.59629e-009, 4.77529e-009, -3.18278e-009
0.949999, -1.59251e-009, 9.19776e-010, -9.19776e-010, 4.59629e-009, 4.77529e-009, -3.18278e-009
0.959999, -1.59251e-009, 9.19775e-010, -9.19775e-010, 4.59629e-009, 4.77529e-009, -3.18278e-009
0.969999, -1.59251e-009, 9.19775e-010, -9.19775e-010, 4.59629e-009, 4.77529e-009, -3.18278e-009
0.979999, -1.59251e-009, 9.19775e-010, -9.19775e-010, 4.59629e-009, 4.77529e-009, -3.18278e-009
0.989999, -1.59251e-009, 9.19775e-010, -9.19775e-010, 4.59629e-009, 4.77529e-009, -3.18278e-009
0.999999, -1.59251e-009, 9.19775e-010, -9.19775e-010, 4.59629e-009, 4.77529e-009, -3.18278e-009
1.01, -1.59251e-009, 9.19775e-010, -9.19775e-010, 4.59629e-009, 4.77529e-009, -3.18278e-009
1.02, -1.59251e-009, 9.19774e-010, -9.19774e-010, 4.59629e-009, 4.77529e-009, -3.18278e-009
1.03, -1.59251e-009, 9.19774e-010, -9.19774e-010, 4.59629e-009, 4.77529e-009, -3.18278e-009
1.04, -1.59251e-009, 9.19774e-010, -9.19774e-010, 4.59629e-009, 4.77529e-009, -3.18278e-009
1.05, -1.59251e-009, 9.19774e-010, -9.19774e-010, 4.59628e-009, 4.77529e-009, -3.18278e-009
1.06, -1.59251e-009, 9.19774e-010, -9.19774e-010, 4.59628e-009, 4.77529e-009, -3.18278e-009
1.07, -1.59251e-009, 9.19773e-010, -9.19773e-010, 4.59628e-009, 4.77529e-009, -3.18278e-009
1.08, -1.59251e-009, 9.19773e-010, -9.19773e-010, 4.59628e-009, 4.77529e-009, -3.18278e-009
1.09, -1.59251e-009, 9.19773e-010, -9.19773e-010, 4.59628e-009, 4.77529e-009, -3.18278e-009
1.1, -1.59251e-009, 9.19773e-010, -9.19773e-010, 4.59628e-009, 4.77529e-009, -3.18278e-009
1.11, -1.59251e-009, 9.19773e-010, -9.19773e-010, 4.59628e-009, 4.77529e-009, -3.18278e-009
1.12, -1.59251e-009, 9.19772e-010, -9.19772e-010, 4.59628e-009, 4.77528e-009, -3.18278e-009
1.13, -1.59251e-009, 9.19772e-010, -9.19772e-010, 4.59628e-009, 4.77528e-009, -3.18278e-009
1.14, -1.59251e-009, 9.19772e-010, -9.19772e-010, 4.59628e-009, 4.77528e-009, -3.18278e-009
1.15, -1.59251e-009, 9.19772e-010, -9.19772e-010, 4.59628e-009, 4.77528e-009, -3.18278e-009
1.16, -1.59251e-009, 9.19772e-010, -9.19772e-010, 4.59628e-009, 4.77528e-009, -3.18278e-009
1.17, -1.59251e-009, 9.19772e-010, -9.19772e-010, 4.59628e-009, 4.77528e-009, -3.18278e-009
1.18, -1.5925e-009, 9.19771e-010, -9.19771e-010, 4.59628e-009, 4.77528e-009, -3.18278e-009
1.19, -1.5925e-009, 9.19771e-010, -9.19771e-010, 4.59628e-009, 4.77528e-009, -3.18278e-009
1.2, -1.5925e-009, 9.19771e-010, -9.19771e-010, 4.59628e-009, 4.77528e-009, -3.18278e-009
1.21, -1.5925e-009, 9.19771e-010, -9.19771e-010, 4.59628e-009, 4.77528e-009, -3.18278e-009
1.22, -1.5925e-009, 9.19771e-010, -9.19771e-010, 4.59628e-009, 4.77528e-009, -3.18278e-009
1.23, -1.5925e-009, 9.1977e-010, -9.1977e-010, 4.59628e-009, 4.77528e-009, -3.18278e-009
1.24, -1.5925e-009, 9.1977e-010, -9.1977e-010, 4.59628e-009, 4.77528e-009, -3.18278e-009
1.25, -1.5925e-009, 9.1977e-010, -9.1977e-010, 4.59628e-009, 4.77528e-009, -3.18278e-009
1.26, -1.5925e-009, 9.1977e-010, -9.1977e-010, 4.59628e-009, 4.77528e-009, -3.18278e-009
1.27, -1.5925e-009, 9.1977e-010, -9.1977e-010, 4.59628e-009, 4.77528e-009, -3.18278e-009
1.28, -1.5925e-009, 9.1977e-010, -9.1977e-010, 4.59628e-009, 4.77528e-009, -3.18278e-009
1.29, -1.5925e-009, 9.1977e-010, -9.1977e-010, 4.59628e-009, 4.77528e-009, -3.18278e-009
1.3, -1.5925e-009, 9.19769e-010, -9.19769e-010, 4.59628e-009, 4.77528e-009, -3.18278e-009
1.31, -1.5925e-009, 9.19769e-010, -9.19769e-010, 4.59628e-009, 4.77528e-009, -3.18278e-009
1.32, -1.5925e-009, 9.19769e-010, -9.19769e-010, 4.59628e-009, 4.77528e-009, -3.18278e-009
1.33, -1.5925e-009, 9.19769e-010, -9.19769e-010, 4.59628e-009, 4.77528e-009, -3.18278e-009
1.34, -1.5925e-009, 9.19769e-010, -9.19769e-010, 4.59628e-009, 4.77528e-009, -3.18278e-009
1.35, -1.5925e-009, 9.19768e-010, -9.19768e-010, 4.59628e-009, 4.77528e-009, -3.18278e-009
1.36, -1.5925e-009, 9.19768e-010, -9.19768e-010, 4.59628e-009, 4.77528e-009, -3.18278e-009
1.37, -1.5925e-009, 9.19768e-010, -9.19768e-010, 4.59628e-009, 4.77528e-009, -3.18278e-009
1.38, -1.5925e-009, 9.19768e-010, -9.19768e-010, 4.59628e-009, 4.77528e-009, -3.18278e-009
1.39, -1.5925e-009, 9.19768e-010, -9.19768e-010, 4.59628e-009, 4.77528e-009, -3.18278e-009
1.4, -1.5925e-009, 9.19768e-010, -9.19768e-010, 4.59628e-009, 4.77528e-009, -3.18278e-009
1.41, -1.5925e-009, 9.19767e-010, -9.19767e-010, 4.59628e-009, 4.77528e-009, -3.18278e-009
1.42, -1.5925e-009, 9.19767e-010, -9.19767e-010, 4.59628e-009, 4.77528e-009, -3.18278e-009
1.43, -1.5925e-009, 9.19767e-010, -9.19767e-010, 4.59628e-009, 4.77528e-009, -3.18278e-009
1.44, -1.5925e-009, 9.19767e-010, -9.19767e-010, 4.59628e-009, 4.77528e-009, -3.18278e-009
1.45, -1.5925e-009, 9.19767e-010, -9.19767e-010, 4.59628e-009, 4.77527e-009, -3.18278e-009
1.46, -1.5925e-009, 9.19766e-010, -9.19766e-010, 4.59628e-009, 4.77527e-009, -3.18278e-009
1.47, -1.5925e-009, 9.19766e-010, -9.19766e-010, 4.59628e-009, 4.77527e-009, -3.18278e-009
1.48, -1.59249e-009, 9.19766e-010, -9.19766e-010, 4.59628e-009, 4.77527e-009, -3.18278e-009
1.49, -1.59249e-009, 9.19766e-010, -9.19766e-010, 4.59628e-009, 4.77527e-009, -3.18278e-009
1.5, -1.59249e-009, 9.19766e-010, -9.19766e-010, 4.59628e-009, 4.77527e-009, -3.18278e-009
1.51, -1.59249e-009, 9.19766e-010, -9.19766e-010, 4.59628e-009, 4.77527e-009, -3.18278e-009
1.52, -1.59249e-009, 9.19765e-010, -9.19765e-010, 4.59628e-009, 4.77527e-009, -3.18278e-009
1.53, -1.59249e-009, 9.19765e-010, -9.19765e-010, 4.59628e-009, 4.77527e-009, -3.18278e-009
1.54, -1.59249e-009, 9.19765e-010, -9.19765e-010, 4.59628e-009, 4.77527e-009, -3.18278e-009
1.55, -1.59249e-009, 9.19765e-010, -9.19765e-010, 4.59628e-009, 4.77527e-009, -3.18278e-009
1.56, -1.59249e-009, 9.19765e-010, -9.19765e-010, 4.59628e-009, 4.77527e-009, -3.18278e-009
1.57, -1.59249e-009, 9.19764e-010, -9.19764e-010, 4.59627e-009, 4.77527e-009, -3.18278e-009
1.58, -1.59249e-009, 9.19764e-010, -9.19764e-010, 4.59627e-009, 4.77527e-009, -3.18278e-009
1.59, -1.59249e-009, 9.19764e-010, -9.19764e-010, 4.59627e-009, 4.77527e-009, -3.18278e-009
1.6, -1.59249e-009, 9.19764e-010, -9.19764e-010, 4.59627e-009, 4.77527e-009, -3.18278e-009
1.61, -1.59249e-009, 9.19764e-010, -9.19764e-010, 4.59627e-009, 4.77527e-009, -3.18278e-009
1.62, -1.59249e-009, 9.19764e-010, -9.19764e-010, 4.59627e-009, 4.77527e-009, -3.18278e-009
1.63, -1.59249e-009, 9.19763e-010, -9.19763e-010, 4.59627e-009, 4.77527e-009, -3.18278e-009
1.64, -1.59249e-009, 9.19763e-010, -9.19763e-010, 4.59627e-009, 4.77527e-009, -3.18278e-009
1.65, -1.59249e-009, 9.19763e-010, -9.19763e-010, 4.59627e-009, 4.77527e-009, -3.18278e-009
1.66, -1.59249e-009, 9.19763e-010, -9.19763e-010, 4.59627e-009, 4.77527e-009, -3.18278e-009
1.67, -1.59249e-009, 9.19763e-010, -9.19763e-010, 4.59627e-009, 4.77527e-009, -3.18278e-009
1.68, -1.59249e-009, 9.19762e-010, -9.19762e-010, 4.59627e-009, 4.77527e-009, -3.18278e-009
1.69, -1.59249e-009, 9.19762e-010, -9.19762e-010, 4.59627e-009, 4.77527e-009, -3.18278e-009
1.7, -1.59249e-009, 9.19762e-010, -9.19762e-010, 4.59627e-009, 4.77527e-009, -3.18278e-009
1.71, -1.59249e-009, 9.19762e-010, -9.19762e-010, 4.59627e-009, 4.77527e-009, -3.18278e-009
1.72, -1.59249e-009, 9.19762e-010, -9.19762e-010, 4.59627e-009, 4.77527e-009, -3.18278e-009
1.73, -1.59249e-009, 9.19762e-010, -9.19762e-010, 4.59627e-009, 4.77527e-009, -3.18278e-009
1.74, -1.59249e-009, 9.19761e-010, -9.19761e-010, 4.59627e-009, 4.77527e-009, -3.18278e-009
1.75, -1.59249e-009, 9.19761e-010, -9.19761e-010, 4.59627e-009, 4.77527e-009, -3.18278e-009
1.76, -1.59249e-009, 9.19761e-010, -9.19761e-010, 4.59627e-009, 4.77527e-009, -3.18278e-009
1.77, -1.59249e-009, 9.19761e-010, -9.19761e-010, 4.59627e-009, 4.77526e-009, -3.18278e-009
1.78, -1.59249e-009, 9.19761e-010, -9.19761e-010, 4.59627e-009, 4.77526e-009, -3.18278e-009
1.79, -1.59248e-009, 9.1976e-010, -9.1976e-010, 4.59627e-009, 4.77526e-009, -3.18278e-009
1.8, -1.59248e-009, 9.1976e-010, -9.1976e-010, 4.59627e-009, 4.77526e-009, -3.18278e-009
1.81, -1.59248e-009, 9.1976e-010, -9.1976e-010, 4.59627e-009, 4.77526e-009, -3.18278e-009
1.82, -1.59248e-009, 9.1976e-010, -9.1976e-010, 4.59627e-009, 4.77526e-009, -3.18278e-009
1.83, -1.59248e-009, 9.1976e-010, -9.1976e-010, 4.59627e-009, 4.77526e-009, -3.18278e-009
1.84, -1.59248e-009, 9.1976e-010, -9.1976e-010, 4.59627e-009, 4.77526e-009, -3.18278e-009
1.85, -1.59248e-009, 9.1976e-010, -9.1976e-010, 4.59627e-009, 4.77526e-009, -3.18278e-009
1.86, -1.59248e-009, 9.19759e-010, -9.19759e-010, 4.59627e-009, 4.77526e-009, -3.18278e-009
1.87, -1.59248e-009, 9.19759e-010, -9.19759e-010, 4.59627e-009, 4.77526e-009, -3.18278e-009
1.88, -1.59248e-009, 9.19759e-010, -9.19759e-010, 4.59627e-009, 4.77526e-009, -3.18278e-009
1.89, -1.59248e-009, 9.19759e-010, -9.19759e-010, 4.59627e-009, 4.77526e-009, -3.18278e-009
1.9, -1.59248e-009, 9.19759e-010, -9.19759e-010, 4.59627e-009, 4.77526e-009, -3.18278e-009
1.91, -1.59248e-009, 9.19758e-010, -9.19758e-010, 4.59627e-009, 4.77526e-009, -3.18278e-009
1.92, -1.59248e-009, 9.19758e-010, -9.19758e-010, 4.59627e-009, 4.77526e-009, -3.18278e-009
1.93, -1.59248e-009, 9.19758e-010, -9.19758e-010, 4.59627e-009, 4.77526e-009, -3.18278e-009
1.94, -1.59248e-009, 9.19758e-010, -9.19758e-010, 4.59627e-009, 4.77526e-009, -3.18278e-009
1.95, -1.59248e-009, 9.19758e-010, -9.19758e-010, 4.59627e-009, 4.77526e-009, -3.18278e-009
1.96, -1.59248e-009, 9.19758e-010, -9.19758e-010, 4.59627e-009, 4.77526e-009, -3.18278e-009
1.97, -1.59248e-009, 9.19757e-010, -9.19757e-010, 4.59627e-009, 4.77526e-009, -3.18278e-009
1.98, -1.59248e-009, 9.19757e-010, -9.19757e-010, 4.59627e-009, 4.77526e-009, -3.18278e-009
1.99, -1.59248e-009, 9.19757e-010, -9.19757e-010, 4.59627e-009, 4.77526e-009, -3.18278e-009
2, -1.59248e-009, 9.19757e-010, -9.19757e-010, 4.59627e-009, 4.77526e-009, -3.18278e-009
2.01, -1.59248e-009, 9.19757e-010, -9.19757e-010, 4.59627e-009, 4.77526e-009, -3.18278e-009
2.02, -1.59248e-009, 9.19756e-010, -9.19756e-010, 4.59627e-009, 4.77526e-009, -3.18278e-009
2.03, -1.59248e-009, 9.19756e-010, -9.19756e-010, 4.59627e-009, 4.77526e-009, -3.18278e-009
2.04, -1.59248e-009, 9.19756e-010, -9.19756e-010, 4.59627e-009, 4.77526e-009, -3.18278e-009
2.05, -1.59248e-009, 9.19756e-010, -9.19756e-010, 4.59627e-009, 4.77526e-009, -3.18278e-009
2.06, -1.59248e-009, 9.19756e-010, -9.19756e-010, 4.59627e-009, 4.77526e-009, -3.18278e-009
2.07, -1.59248e-009, 9.19756e-010, -9.19756e-010, 4.59627e-009, 4.77526e-009, -3.18278e-009
2.08, -1.59248e-009, 9.19755e-010, -9.19755e-010, 4.59627e-009, 4.77526e-009, -3.18278e-009
2.09, -1.59248e-009, 9.19755e-010, -9.19755e-010, 4.59627e-009, 4.77525e-009, -3.18278e-009
2.1, -1.59248e-009, 9.19755e-010, -9.19755e-010, 4.59627e-009, 4.77525e-009, -3.18278e-009
2.11, -1.59248e-009, 9.19755e-010, -9.19755e-010, 4.59627e-009, 4.77525e-009, -3.18278e-009
2.12, -1.59247e-009, 9.19755e-010, -9.19755e-010, 4.59627e-009, 4.77525e-009, -3.18278e-009
2.13, -1.59247e-009, 9.19754e-010, -9.19754e-010, 4.59627e-009, 4.77525e-009, -3.18278e-009
2.14, -1.59247e-009, 9.19754e-010, -9.19754e-010, 4.59626e-009, 4.77525e-009, -3.18278e-009
2.15, -1.59247e-009, 9.19754e-010, -9.19754e-010, 4.59626e-009, 4.77525e-009, -3.18278e-009
2.16, -1.59247e-009, 9.19754e-010, -9.19754e-010, 4.59626e-009, 4.77525e-009, -3.18278e-009
2.17, -1.59247e-009, 9.19754e-010, -9.19754e-010, 4.59626e-009, 4.77525e-009, -3.18278e-009
2.18, -1.59247e-009, 9.19753e-010, -9.19753e-010, 4.59626e-009, 4.77525e-009, -3.18278e-009
2.19, -1.59247e-009, 9.19753e-010, -9.19753e-010, 4.59626e-009, 4.77525e-009, -3.18278e-009
2.2, -1.59247e-009, 9.19753e-010, -9.19753e-010, 4.59626e-009, 4.77525e-009, -3.18278e-009
2.21, -1.59247e-009, 9.19753e-010, -9.19753e-010, 4.59626e-009, 4.77525e-009, -3.18278e-009
2.22, -1.59247e-009, 9.19753e-010, -9.19753e-010, 4.59626e-009, 4.77525e-009, -3.18278e-009
2.23, -1.59247e-009, 9.19753e-010, -9.19753e-010, 4.59626e-009, 4.77525e-009, -3.18278e-009
2.24, -1.59247e-009, 9.19753e-010, -9.19753e-010, 4.59626e-009, 4.77525e-009, -3.18278e-009
2.25, -1.59247e-009, 9.19752e-010, -9.19752e-010, 4.59626e-009, 4.77525e-009, -3.18278e-009
2.26, -1.59247e-009, 9.19752e-010, -9.19752e-010, 4.59626e-009, 4.77525e-009, -3.18278e-009
2.27, -1.59247e-009, 9.19752e-010, -9.19752e-010, 4.59626e-009, 4.77525e-009, -3.18278e-009
2.28, -1.59247e-009, 9.19752e-010, -9.19752e-010, 4.59626e-009, 4.77525e-009, -3.18278e-009
2.29, -1.59247e-009, 9.19752e-010, -9.19752e-010, 4.59626e-009, 4.77525e-009, -3.18278e-009
2.3, -1.59247e-009, 9.19751e-010, -9.19751e-010, 4.59626e-009, 4.77525e-009, -3.18278e-009
2.31, -1.59247e-009, 9.19751e-010, -9.19751e-010, 4.59626e-009, 4.77525e-009, -3.18278e-009
2.32, -1.59247e-009, 9.19751e-010, -9.19751e-010, 4.59626e-009, 4.77525e-009, -3.18278e-009
2.33, -1.59247e-009, 9.19751e-010, -9.19751e-010, 4.59626e-009, 4.77525e-009, -3.18278e-009
2.34, -1.59247e-009, 9.19751e-010, -9.19751e-010, 4.59626e-009, 4.77525e-009, -3.18278e-009
2.35, -1.59247e-009, 9.19751e-010, -9.19751e-010, 4.59626e-009, 4.77525e-009, -3.18278e-009
2.36, -1.59247e-009, 9.1975e-010, -9.1975e-010, 4.59626e-009, 4.77525e-009, -3.18278e-009
2.37, -1.59247e-009, 9.1975e-010, -9.1975e-010, 4.59626e-009, 4.77525e-009, -3.18278e-009
2.38, -1.59247e-009, 9.1975e-010, -9.1975e-010, 4.59626e-009, 4.77525e-009, -3.18278e-009
2.39, -1.59247e-009, 9.1975e-010, -9.1975e-010, 4.59626e-009, 4.77525e-009, -3.18278e-009
2.4, -1.59247e-009, 9.1975e-010, -9.1975e-010, 4.59626e-009, 4.77525e-009, -3.18278e-009
2.41, -1.59247e-009, 9.1975e-010, -9.1975e-010, 4.59626e-009, 4.77525e-009, -3.18278e-009
2.42, -1.59247e-009, 9.19749e-010, -9.19749e-010, 4.59626e-009, 4.77525e-009, -3.18278e-009
2.43, -1.59247e-009, 9.19749e-010, -9.19749e-010, 4.59626e-009, 4.77524e-009, -3.18278e-009
2.44, -1.59246e-009, 9.19749e-010, -9.19749e-010, 4.59626e-009, 4.77524e-009, -3.18278e-009
2.45, -1.59246e-009, 9.19749e-010, -9.19749e-010, 4.59626e-009, 4.77524e-009, -3.18278e-009
2.46, -1.59246e-009, 9.19749e-010, -9.19749e-010, 4.59626e-009, 4.77524e-009, -3.18278e-009
2.47, -1.59246e-009, 9.19748e-010, -9.19748e-010, 4.59626e-009, 4.77524e-009, -3.18278e-009
2.48, -1.59246e-009, 9.19748e-010, -9.19748e-010, 4.59626e-009, 4.77524e-009, -3.18278e-009
2.49, -1.59246e-009, 9.19748e-010, -9.19748e-010, 4.59626e-009, 4.77524e-009, -3.18278e-009
2.5, -1.59246e-009, 9.19748e-010, -9.19748e-010, 4.59626e-009, 4.77524e-009, -3.18278e-009
2.51, -1.59246e-009, 9.19748e-010, -9.19748e-010, 4.59626e-009, 4.77524e-009, -3.18278e-009
2.52, -1.59246e-009, 9.19748e-010, -9.19748e-010, 4.59626e-009, 4.77524e-009, -3.18278e-009
2.53, -1.59246e-009, 9.19748e-010, -9.19748e-010, 4.59626e-009, 4.77524e-009, -3.18278e-009
2.54, -1.59246e-009, 9.19747e-010, -9.19747e-010, 4.59626e-009, 4.77524e-009, -3.18278e-009
2.55, -1.59246e-009, 9.19747e-010, -9.19747e-010, 4.59626e-009, 4.77524e-009, -3.18278e-009
2.56, -1.59246e-009, 9.19747e-010, -9.19747e-010, 4.59626e-009, 4.77524e-009, -3.18278e-009
2.57, -1.59246e-009, 9.19747e-010, -9.19747e-010, 4.59626e-009, 4.77524e-009, -3.18278e-009
2.58, -1.59246e-009, 9.19747e-010, -9.19747e-010, 4.59626e-009, 4.77524e-009, -3.18278e-009
2.59, -1.59246e-009, 9.19746e-010, -9.19746e-010, 4.59626e-009, 4.77524e-009, -3.18278e-009
2.6, -1.59246e-009, 9.19746e-010, -9.19746e-010, 4.59626e-009, 4.77524e-009, -3.18278e-009
2.61, -1.59246e-009, 9.19746e-010, -9.19746e-010, 4.59626e-009, 4.77524e-009, -3.18278e-009
2.62, -1.59246e-009, 9.19745e-010, -9.19745e-010, 4.59626e-009, 4.77524e-009, -3.18278e-009
2.63, -1.59246e-009, 9.19745e-010, -9.19745e-010, 4.59626e-009, 4.77524e-009, -3.18278e-009
2.64, -1.59246e-009, 9.19745e-010, -9.19745e-010, 4.59626e-009, 4.77524e-009, -3.18278e-009
2.65, -1.59246e-009, 9.19745e-010, -9.19745e-010, 4.59626e-009, 4.77524e-009, -3.18278e-009
2.66, -1.59246e-009, 9.19745e-010, -9.19745e-010, 4.59626e-009, 4.77524e-009, -3.18278e-009
2.67, -1.59246e-009, 9.19745e-010, -9.19745e-010, 4.59626e-009, 4.77524e-009, -3.18278e-009
2.68, -1.59246e-009, 9.19745e-010, -9.19745e-010, 4.59626e-009, 4.77524e-009, -3.18278e-009
2.69, -1.59246e-009, 9.19745e-010, -9.19745e-010, 4.59626e-009, 4.77524e-009, -3.18278e-009
2.7, -1.59246e-009, 9.19744e-010, -9.19744e-010, 4.59626e-009, 4.77524e-009, -3.18278e-009
2.71, -1.59246e-009, 9.19744e-010, -9.19744e-010, 4.59626e-009, 4.77524e-009, -3.18278e-009
2.72, -1.59246e-009, 9.19744e-010, -9.19744e-010, 4.59625e-009, 4.77524e-009, -3.18278e-009
2.73, -1.59246e-009, 9.19744e-010, -9.19744e-010, 4.59625e-009, 4.77523e-009, -3.18278e-009
2.74, -1.59246e-009, 9.19744e-010, -9.19744e-010, 4.59625e-009, 4.77523e-009, -3.18278e-009
2.75, -1.59246e-009, 9.19743e-010, -9.19743e-010, 4.59625e-009, 4.77523e-009, -3.18278e-009
2.76, -1.59245e-009, 9.19743e-010, -9.19743e-010, 4.59625e-009, 4.77523e-009, -3.18278e-009
2.77, -1.59245e-009, 9.19743e-010, -9.19743e-010, 4.59625e-009, 4.77523e-009, -3.18278e-009
2.78, -1.59245e-009, 9.19743e-010, -9.19743e-010, 4.59625e-009, 4.77523e-009, -3.18278e-009
2.79, -1.59245e-009, 9.19743e-010, -9.19743e-010, 4.59625e-009, 4.77523e-009, -3.18278e-009
2.8, -1.59245e-009, 9.19742e-010, -9.19742e-010, 4.59625e-009, 4.77523e-009, -3.18278e-009
2.81, -1.59245e-009, 9.19742e-010, -9.19742e-010, 4.59625e-009, 4.77523e-009, -3.18278e-009
2.82, -1.59245e-009, 9.19742e-010, -9.19742e-010, 4.59625e-009, 4.77523e-009, -3.18278e-009
2.83, -1.59245e-009, 9.19742e-010, -9.19742e-010, 4.59625e-009, 4.77523e-009, -3.18278e-009
2.84, -1.59245e-009, 9.19742e-010, -9.19742e-010, 4.59625e-009, 4.77523e-009, -3.18278e-009
2.85, -1.59245e-009, 9.19742e-010, -9.19742e-010, 4.59625e-009, 4.77523e-009, -3.18278e-009
2.86, -1.59245e-009, 9.19742e-010, -9.19742e-010, 4.59625e-009, 4.77523e-009, -3.18278e-009
2.87, -1.59245e-009, 9.19741e-010, -9.19741e-010, 4.59625e-009, 4.77523e-009, -3.18278e-009
2.88, -1.59245e-009, 9.19741e-010, -9.19741e-010, 4.59625e-009, 4.77523e-009, -3.18278e-009
2.89, -1.59245e-009, 9.19741e-010, -9.19741e-010, 4.59625e-009, 4.77523e-009, -3.18278e-009
2.9, -1.59245e-009, 9.19741e-010, -9.19741e-010, 4.59625e-009, 4.77523e-009, -3.18278e-009
2.91, -1.59245e-009, 9.19741e-010, -9.19741e-010, 4.59625e-009, 4.77523e-009, -3.18278e-009
2.92, -1.59245e-009, 9.1974e-010, -9.1974e-010, 4.59625e-009, 4.77523e-009, -3.18278e-009
2.93, -1.59245e-009, 9.1974e-010, -9.1974e-010, 4.59625e-009, 4.77523e-009, -3.18278e-009
2.94, -1.59245e-009, 9.1974e-010, -9.1974e-010, 4.59625e-009, 4.77523e-009, -3.18278e-009
2.95, -1.59245e-009, 9.1974e-010, -9.1974e-010, 4.59625e-009, 4.77523e-009, -3.18278e-009
2.96, -1.59245e-009, 9.1974e-010, -9.1974e-010, 4.59625e-009, 4.77523e-009, -3.18278e-009
2.97, -1.59245e-009, 9.1974e-010, -9.1974e-010, 4.59625e-009, 4.77523e-009, -3.18278e-009
2.98, -1.59245e-009, 9.1974e-010, -9.1974e-010, 4.59625e-009, 4.77523e-009, -3.18278e-009
2.99, -1.59245e-009, 9.19739e-010, -9.19739e-010, 4.59625e-009, 4.77523e-009, -3.18278e-009
3, -1.59245e-009, 9.19739e-010, -9.19739e-010, 4.59625e-009, 4.77523e-009, -3.18278e-009
3.01, -1.59245e-009, 9.19739e-010, -9.19739e-010, 4.59625e-009, 4.77523e-009, -3.18278e-009
3.02, -1.59245e-009, 9.19739e-010, -9.19739e-010, 4.59625e-009, 4.77523e-009, -3.18278e-009
3.03, -1.59245e-009, 9.19738e-010, -9.19738e-010, 4.59625e-009, 4.77523e-009, -3.18278e-009
3.04, -1.59245e-009, 9.19738e-010, -9.19738e-010, 4.59625e-009, 4.77523e-009, -3.18278e-009
3.05, -1.59245e-009, 9.19738e-010, -9.19738e-010, 4.59625e-009, 4.77523e-009, -3.18278e-009
3.06, -1.59245e-009, 9.19738e-010, -9.19738e-010, 4.59625e-009, 4.77522e-009, -3.18278e-009
3.07, -1.59245e-009, 9.19738e-010, -9.19738e-010, 4.59625e-009, 4.77522e-009, -3.18278e-009
3.08, -1.59245e-009, 9.19738e-010, -9.19738e-010, 4.59625e-009, 4.77522e-009, -3.18278e-009
3.09, -1.59244e-009, 9.19737e-010, -9.19737e-010, 4.59625e-009, 4.77522e-009, -3.18278e-009
3.1, -1.59244e-009, 9.19737e-010, -9.19737e-010, 4.59625e-009, 4.77522e-009, -3.18278e-009
3.11, -1.59244e-009, 9.19737e-010, -9.19737e-010, 4.59625e-009, 4.77522e-009, -3.18278e-009
3.12, -1.59244e-009, 9.19737e-010, -9.19737e-010, 4.59625e-009, 4.77522e-009, -3.18278e-009
3.13, -1.59244e-009, 9.19737e-010, -9.19737e-010, 4.59625e-009, 4.77522e-009, -3.18278e-009
3.14, -1.59244e-009, 9.19736e-010, -9.19736e-010, 4.59625e-009, 4.77522e-009, -3.18278e-009
3.15, -1.59244e-009, 9.19736e-010, -9.19736e-010, 4.59625e-009, 4.77522e-009, -3.18278e-009
3.16, -1.59244e-009, 9.19736e-010, -9.19736e-010, 4.59625e-009, 4.77522e-009, -3.18278e-009
3.17, -1.59244e-009, 9.19736e-010, -9.19736e-010, 4.59625e-009, 4.77522e-009, -3.18278e-009
3.18, -1.59244e-009, 9.19736e-010, -9.19736e-010, 4.59625e-009, 4.77522e-009, -3.18278e-009
3.19, -1.59244e-009, 9.19735e-010, -9.19735e-010, 4.59625e-009, 4.77522e-009, -3.18278e-009
3.2, -1.59244e-009, 9.19735e-010, -9.19735e-010, 4.59625e-009, 4.77522e-009, -3.18278e-009
3.21, -1.59244e-009, 9.19735e-010, -9.19735e-010, 4.59625e-009, 4.77522e-009, -3.18278e-009
3.22, -1.59244e-009, 9.19735e-010, -9.19735e-010, 4.59625e-009, 4.77522e-009, -3.18278e-009
3.23, -1.59244e-009, 9.19735e-010, -9.19735e-010, 4.59625e-009, 4.77522e-009, -3.18278e-009
3.24, -1.59244e-009, 9.19735e-010, -9.19735e-010, 4.59625e-009, 4.77522e-009, -3.18278e-009
3.25, -1.59244e-009, 9.19735e-010, -9.19735e-010, 4.59625e-009, 4.77522e-009, -3.18278e-009
3.26, -1.59244e-009, 9.19735e-010, -9.19735e-010, 4.59625e-009, 4.77522e-009, -3.18278e-009
3.27, -1.59244e-009, 9.19734e-010, -9.19734e-010, 4.59625e-009, 4.77522e-009, -3.18278e-009
3.28, -1.59244e-009, 9.19734e-010, -9.19734e-010, 4.59624e-009, 4.77522e-009, -3.18278e-009
3.29, -1.59244e-009, 9.19734e-010, -9.19734e-010, 4.59624e-009, 4.77522e-009, -3.18278e-009
3.3, -1.59244e-009, 9.19734e-010, -9.19734e-010, 4.59624e-009, 4.77522e-009, -3.18278e-009
3.31, -1.59244e-009, 9.19733e-010, -9.19733e-010, 4.59624e-009, 4.77522e-009, -3.18278e-009
3.32, -1.59244e-009, 9.19733e-010, -9.19733e-010, 4.59624e-009, 4.77522e-009, -3.18278e-009
3.33, -1.59244e-009, 9.19733e-010, -9.19733e-010, 4.59624e-009, 4.77522e-009, -3.18278e-009
3.34, -1.59244e-009, 9.19733e-010, -9.19733e-010, 4.59624e-009, 4.77522e-009, -3.18278e-009
3.35, -1.59244e-009, 9.19733e-010, -9.19733e-010, 4.59624e-009, 4.77522e-009, -3.18278e-009
3.36, -1.59244e-009, 9.19732e-010, -9.19732e-010, 4.59624e-009, 4.77522e-009, -3.18278e-009
3.37, -1.59244e-009, 9.19732e-010, -9.19732e-010, 4.59624e-009, 4.77521e-009, -3.18278e-009
3.38, -1.59244e-009, 9.19732e-010, -9.19732e-010, 4.59624e-009, 4.77521e-009, -3.18278e-009
3.39, -1.59244e-009, 9.19732e-010, -9.19732e-010, 4.59624e-009, 4.77521e-009, -3.18278e-009
3.4, -1.59244e-009, 9.19732e-010, -9.19732e-010, 4.59624e-009, 4.77521e-009, -3.18278e-009
3.41, -1.59244e-009, 9.19732e-010, -9.19732e-010, 4.59624e-009, 4.77521e-009, -3.18278e-009
3.42, -1.59243e-009, 9.19731e-010, -9.19731e-010, 4.59624e-009, 4.77521e-009, -3.18278e-009
3.43, -1.59243e-009, 9.19731e-010, -9.19731e-010, 4.59624e-009, 4.77521e-009, -3.18278e-009
3.44, -1.59243e-009, 9.19731e-010, -9.19731e-010, 4.59624e-009, 4.77521e-009, -3.18278e-009
3.45, -1.59243e-009, 9.19731e-010, -9.19731e-010, 4.59624e-009, 4.77521e-009, -3.18278e-009
3.46, -1.59243e-009, 9.19731e-010, -9.19731e-010, 4.59624e-009, 4.77521e-009, -3.18278e-009
3.47, -1.59243e-009, 9.1973e-010, -9.1973e-010, 4.59624e-009, 4.77521e-009, -3.18278e-009
3.48, -1.59243e-009, 9.1973e-010, -9.1973e-010, 4.59624e-009, 4.77521e-009, -3.18278e-009
3.49, -1.59243e-009, 9.1973e-010, -9.1973e-010, 4.59624e-009, 4.77521e-009, -3.18278e-009
3.5, -1.59243e-009, 9.1973e-010, -9.1973e-010, 4.59624e-009, 4.77521e-009, -3.18278e-009
3.51, -1.59243e-009, 9.1973e-010, -9.1973e-010, 4.59624e-009, 4.77521e-009, -3.18278e-009
3.52, -1.59243e-009, 9.1973e-010, -9.1973e-010, 4.59624e-009, 4.77521e-009, -3.18278e-009
3.53, -1.59243e-009, 9.1973e-010, -9.1973e-010, 4.59624e-009, 4.77521e-009, -3.18278e-009
3.54, -1.59243e-009, 9.19729e-010, -9.19729e-010, 4.59624e-009, 4.77521e-009, -3.18278e-009
3.55, -1.59243e-009, 9.19729e-010, -9.19729e-010, 4.59624e-009, 4.77521e-009, -3.18278e-009
3.56, -1.59243e-009, 9.19729e-010, -9.19729e-010, 4.59624e-009, 4.77521e-009, -3.18278e-009
3.57, -1.59243e-009, 9.19729e-010, -9.19729e-010, 4.59624e-009, 4.77521e-009, -3.18278e-009
3.58, -1.59243e-009, 9.19729e-010, -9.19729e-010, 4.59624e-009, 4.77521e-009, -3.18278e-009
3.59, -1.59243e-009, 9.19728e-010, -9.19728e-010, 4.59624e-009, 4.77521e-009, -3.18278e-009
3.6, -1.59243e-009, 9.19728e-010, -9.19728e-010, 4.59624e-009, 4.77521e-009, -3.18278e-009
3.61, -1.59243e-009, 9.19728e-010, -9.19728e-010, 4.59624e-009, 4.77521e-009, -3.18278e-009
3.62, -1.59243e-009, 9.19728e-010, -9.19728e-010, 4.59624e-009, 4.77521e-009, -3.18278e-009
3.63, -1.59243e-009, 9.19728e-010, -9.19728e-010, 4.59624e-009, 4.77521e-009, -3.18278e-009
3.64, -1.59243e-009, 9.19727e-010, -9.19727e-010, 4.59624e-009, 4.77521e-009, -3.18278e-009
3.65, -1.59243e-009, 9.19727e-010, -9.19727e-010, 4.59624e-009, 4.77521e-009, -3.18278e-009
3.66, -1.59243e-009, 9.19727e-010, -9.19727e-010, 4.59624e-009, 4.77521e-009, -3.18278e-009
3.67, -1.59243e-009, 9.19727e-010, -9.19727e-010, 4.59624e-009, 4.77521e-009, -3.18278e-009
3.68, -1.59243e-009, 9.19727e-010, -9.19727e-010, 4.59624e-009, 4.77521e-009, -3.18278e-009
3.69, -1.59243e-009, 9.19727e-010, -9.19727e-010, 4.59624e-009, 4.77521e-009, -3.18278e-009
3.7, -1.59243e-009, 9.19726e-010, -9.19726e-010, 4.59624e-009, 4.77521e-009, -3.18278e-009
3.71, -1.59243e-009, 9.19726e-010, -9.19726e-010, 4.59624e-009, 4.7752e-009, -3.18278e-009
3.72, -1.59243e-009, 9.19726e-010, -9.19726e-010, 4.59624e-009, 4.7752e-009, -3.18278e-009
3.73, -1.59243e-009, 9.19726e-010, -9.19726e-010, 4.59624e-009, 4.7752e-009, -3.18278e-009
3.74, -1.59242e-009, 9.19726e-010, -9.19726e-010, 4.59624e-009, 4.7752e-009, -3.18278e-009
3.75, -1.59242e-009, 9.19726e-010, -9.19726e-010, 4.59624e-009, 4.7752e-009, -3.18278e-009
3.76, -1.59242e-009, 9.19725e-010, -9.19725e-010, 4.59624e-009, 4.7752e-009, -3.18278e-009
3.77, -1.59242e-009, 9.19725e-010, -9.19725e-010, 4.59624e-009, 4.7752e-009, -3.18278e-009
3.78, -1.59242e-009, 9.19725e-010, -9.19725e-010, 4.59624e-009, 4.7752e-009, -3.18278e-009
3.79, -1.59242e-009, 9.19725e-010, -9.19725e-010, 4.59624e-009, 4.7752e-009, -3.18278e-009
3.8, -1.59242e-009, 9.19725e-010, -9.19725e-010, 4.59624e-009, 4.7752e-009, -3.18278e-009
3.81, -1.59242e-009, 9.19724e-010, -9.19724e-010, 4.59624e-009, 4.7752e-009, -3.18278e-009
3.82, -1.59242e-009, 9.19724e-010, -9.19724e-010, 4.59624e-009, 4.7752e-009, -3.18278e-009
3.83, -1.59242e-009, 9.19724e-010, -9.19724e-010, 4.59624e-009, 4.7752e-009, -3.18278e-009
3.84, -1.59242e-009, 9.19724e-010, -9.19724e-010, 4.59623e-009, 4.7752e-009, -3.18278e-009
3.85, -1.59242e-009, 9.19724e-010, -9.19724e-010, 4.59623e-009, 4.7752e-009, -3.18278e-009
3.86, -1.59242e-009, 9.19724e-010, -9.19724e-010, 4.59623e-009, 4.7752e-009, -3.18278e-009
3.87, -1.59242e-009, 9.19723e-010, -9.19723e-010, 4.59623e-009, 4.7752e-009, -3.18278e-009
3.88, -1.59242e-009, 9.19723e-010, -9.19723e-010, 4.59623e-009, 4.7752e-009, -3.18278e-009
3.89, -1.59242e-009, 9.19723e-010, -9.19723e-010, 4.59623e-009, 4.7752e-009, -3.18278e-009
3.9, -1.59242e-009, 9.19723e-010, -9.19723e-010, 4.59623e-009, 4.7752e-009, -3.18278e-009
3.91, -1.59242e-009, 9.19723e-010, -9.19723e-010, 4.59623e-009, 4.7752e-009, -3.18278e-009
3.92, -1.59242e-009, 9.19723e-010, -9.19723e-010, 4.59623e-009, 4.7752e-009, -3.18278e-009
3.93, -1.59242e-009, 9.19722e-010, -9.19722e-010, 4.59623e-009, 4.7752e-009, -3.18278e-009
3.94, -1.59242e-009, 9.19722e-010, -9.19722e-010, 4.59623e-009, 4.7752e-009, -3.18278e-009
3.95, -1.59242e-009, 9.19722e-010, -9.19722e-010, 4.59623e-009, 4.7752e-009, -3.18278e-009
3.96, -1.59242e-009, 9.19722e-010, -9.19722e-010, 4.59623e-009, 4.7752e-009, -3.18278e-009
3.97, -1.59242e-009, 9.19722e-010, -9.19722e-010, 4.59623e-009, 4.7752e-009, -3.18278e-009
3.98, -1.59242e-009, 9.19722e-010, -9.19722e-010, 4.59623e-009, 4.7752e-009, -3.18278e-009
3.99, -1.59242e-009, 9.19721e-010, -9.19721e-010, 4.59623e-009, 4.7752e-009, -3.18278e-009
4, -1.59242e-009, 9.19721e-010, -9.19721e-010, 4.59623e-009, 4.7752e-009, -3.18278e-009
4.01, -1.59242e-009, 9.19721e-010, -9.19721e-010, 4.59623e-009, 4.7752e-009, -3.18278e-009
4.02, -1.59242e-009, 9.19721e-010, -9.19721e-010, 4.59623e-009, 4.7752e-009, -3.18278e-009
4.03, -1.59242e-009, 9.19721e-010, -9.19721e-010, 4.59623e-009, 4.77519e-009, -3.18278e-009
4.04, -1.59242e-009, 9.19721e-010, -9.19721e-010, 4.59623e-009, 4.77519e-009, -3.18278e-009
4.05, -1.59242e-009, 9.1972e-010, -9.1972e-010, 4.59623e-009, 4.77519e-009, -3.18278e-009
4.06, -1.59242e-009, 9.1972e-010, -9.1972e-010, 4.59623e-009, 4.77519e-009, -3.18278e-009
4.07, -1.59241e-009, 9.1972e-010, -9.1972e-010, 4.59623e-009, 4.77519e-009, -3.18278e-009
4.08, -1.59241e-009, 9.19719e-010, -9.19719e-010, 4.59623e-009, 4.77519e-009, -3.18278e-009
4.09, -1.59241e-009, 9.19719e-010, -9.19719e-010, 4.59623e-009, 4.77519e-009, -3.18278e-009
4.1, -1.59241e-009, 9.19719e-010, -9.19719e-010, 4.59623e-009, 4.77519e-009, -3.18278e-009
4.11, -1.59241e-009, 9.19719e-010, -9.19719e-010, 4.59623e-009, 4.77519e-009, -3.18278e-009
4.12, -1.59241e-009, 9.19719e-010, -9.19719e-010, 4.59623e-009, 4.77519e-009, -3.18278e-009
4.13, -1.59241e-009, 9.19719e-010, -9.19719e-010, 4.59623e-009, 4.77519e-009, -3.18278e-009
4.14, -1.59241e-009, 9.19718e-010, -9.19718e-010, 4.59623e-009, 4.77519e-009, -3.18278e-009
4.15, -1.59241e-009, 9.19718e-010, -9.19718e-010, 4.59623e-009, 4.77519e-009, -3.18278e-009
4.16, -1.59241e-009, 9.19718e-010, -9.19718e-010, 4.59623e-009, 4.77519e-009, -3.18278e-009
4.17, -1.59241e-009, 9.19718e-010, -9.19718e-010, 4.59623e-009, 4.77519e-009, -3.18278e-009
4.18, -1.59241e-009, 9.19718e-010, -9.19718e-010, 4.59623e-009, 4.77519e-009, -3.18278e-009
4.19, -1.59241e-009, 9.19718e-010, -9.19718e-010, 4.59623e-009, 4.77519e-009, -3.18278e-009
4.2, -1.59241e-009, 9.19718e-010, -9.19718e-010, 4.59623e-009, 4.77519e-009, -3.18278e-009
4.21, -1.59241e-009, 9.19717e-010, -9.19717e-010, 4.59623e-009, 4.77519e-009, -3.18278e-009
4.22, -1.59241e-009, 9.19717e-010, -9.19717e-010, 4.59623e-009, 4.77519e-009, -3.18278e-009
4.23, -1.59241e-009, 9.19717e-010, -9.19717e-010, 4.59623e-009, 4.77519e-009, -3.18278e-009
4.24, -1.59241e-009, 9.19717e-010, -9.19717e-010, 4.59623e-009, 4.77519e-009, -3.18278e-009
4.25, -1.59241e-009, 9.19717e-010, -9.19717e-010, 4.59623e-009, 4.77519e-009, -3.18278e-009
4.26, -1.59241e-009, 9.19717e-010, -9.19717e-010, 4.59623e-009, 4.77519e-009, -3.18278e-009
4.27, -1.59241e-009, 9.19716e-010, -9.19716e-010, 4.59623e-009, 4.77519e-009, -3.18278e-009
4.28, -1.59241e-009, 9.19716e-010, -9.19716e-010, 4.59623e-009, 4.77519e-009, -3.18278e-009
4.29, -1.59241e-009, 9.19716e-010, -9.19716e-010, 4.59623e-009, 4.77519e-009, -3.18278e-009
4.3, -1.59241e-009, 9.19716e-010, -9.19716e-010, 4.59623e-009, 4.77519e-009, -3.18278e-009
4.31, -1.59241e-009, 9.19716e-010, -9.19716e-010, 4.59623e-009, 4.77519e-009, -3.18278e-009
4.32, -1.59241e-009, 9.19715e-010, -9.19715e-010, 4.59623e-009, 4.77519e-009, -3.18278e-009
4.33, -1.59241e-009, 9.19715e-010, -9.19715e-010, 4.59623e-009, 4.77519e-009, -3.18278e-009
4.34, -1.59241e-009, 9.19715e-010, -9.19715e-010, 4.59623e-009, 4.77519e-009, -3.18278e-009
4.35, -1.59241e-009, 9.19715e-010, -9.19715e-010, 4.59623e-009, 4.77518e-009, -3.18278e-009
4.36, -1.59241e-009, 9.19715e-010, -9.19715e-010, 4.59623e-009, 4.77518e-009, -3.18278e-009
4.37001, -1.59241e-009, 9.19715e-010, -9.19715e-010, 4.59623e-009, 4.77518e-009, -3.18278e-009
4.38001, -1.59241e-009, 9.19714e-010, -9.19714e-010, 4.59623e-009, 4.77518e-009, -3.18278e-009
4.39001, -1.5924e-009, 9.19714e-010, -9.19714e-010, 4.59623e-009, 4.77518e-009, -3.18278e-009
4.40001, -1.5924e-009, 9.19714e-010, -9.19714e-010, 4.59622e-009, 4.77518e-009, -3.18278e-009
4.41001, -1.5924e-009, 9.19714e-010, -9.19714e-010, 4.59622e-009, 4.77518e-009, -3.18278e-009
4.42001, -1.5924e-009, 9.19713e-010, -9.19713e-010, 4.59622e-009, 4.77518e-009, -3.18278e-009
4.43001, -1.5924e-009, 9.19713e-010, -9.19713e-010, 4.59622e-009, 4.77518e-009, -3.18278e-009
4.44001, -1.5924e-009, 9.19713e-010, -9.19713e-010, 4.59622e-009, 4.77518e-009, -3.18278e-009
4.45001, -1.5924e-009, 9.19713e-010, -9.19713e-010, 4.59622e-009, 4.77518e-009, -3.18278e-009
4.46001, -1.5924e-009, 9.19713e-010, -9.19713e-010, 4.59622e-009, 4.77518e-009, -3.18278e-009
4.47001, -1.5924e-009, 9.19712e-010, -9.19712e-010, 4.59622e-009, 4.77518e-009, -3.18278e-009
4.48001, -1.5924e-009, 9.19712e-010, -9.19712e-010, 4.59622e-009, 4.77518e-009, -3.18278e-009
4.49001, -1.5924e-009, 9.19712e-010, -9.19712e-010, 4.59622e-009, 4.77518e-009, -3.18278e-009
4.50001, -1.5924e-009, 9.19712e-010, -9.19712e-010, 4.59622e-009, 4.77518e-009, -3.18278e-009
4.51001, -1.5924e-009, 9.19712e-010, -9.19712e-010, 4.59622e-009, 4.77518e-009, -3.18278e-009
4.52001, -1.5924e-009, 9.19712e-010, -9.19712e-010, 4.59622e-009, 4.77518e-009, -3.18278e-009
4.53001, -1.5924e-009, 9.19712e-010, -9.19712e-010, 4.59622e-009, 4.77518e-009, -3.18278e-009
4.54001, -1.5924e-009, 9.19711e-010, -9.19711e-010, 4.59622e-009, 4.77518e-009, -3.18278e-009
4.55001, -1.5924e-009, 9.19711e-010, -9.19711e-010, 4.59622e-009, 4.77518e-009, -3.18278e-009
4.56001, -1.5924e-009, 9.19711e-010, -9.19711e-010, 4.59622e-009, 4.77518e-009, -3.18278e-009
4.57001, -1.5924e-009, 9.19711e-010, -9.19711e-010, 4.59622e-009, 4.77518e-009, -3.18278e-009
4.58001, -1.5924e-009, 9.19711e-010, -9.19711e-010, 4.59622e-009, 4.77518e-009, -3.18278e-009
4.59001, -1.5924e-009, 9.1971e-010, -9.1971e-010, 4.59622e-009, 4.77518e-009, -3.18278e-009
4.60001, -1.5924e-009, 9.1971e-010, -9.1971e-010, 4.59622e-009, 4.77518e-009, -3.18278e-009
4.61001, -1.5924e-009, 9.1971e-010, -9.1971e-010, 4.59622e-009, 4.77518e-009, -3.18278e-009
4.62001, -1.5924e-009, 9.1971e-010, -9.1971e-010, 4.59622e-009, 4.77518e-009, -3.18278e-009
4.63001, -1.5924e-009, 9.1971e-010, -9.1971e-010, 4.59622e-009, 4.77518e-009, -3.18278e-009
4.64001, -1.5924e-009, 9.1971e-010, -9.1971e-010, 4.59622e-009, 4.77518e-009, -3.18278e-009
4.65001, -1.5924e-009, 9.19709e-010, -9.19709e-010, 4.59622e-009, 4.77518e-009, -3.18278e-009
4.66001, -1.5924e-009, 9.19709e-010, -9.19709e-010, 4.59622e-009, 4.77518e-009, -3.18278e-009
4.67001, -1.5924e-009, 9.19709e-010, -9.19709e-010, 4.59622e-009, 4.77518e-009, -3.18278e-009
4.68001, -1.5924e-009, 9.19709e-010, -9.19709e-010, 4.59622e-009, 4.77517e-009, -3.18278e-009
4.69001, -1.5924e-009, 9.19709e-010, -9.19709e-010, 4.59622e-009, 4.77517e-009, -3.18278e-009
4.70001, -1.59239e-009, 9.19709e-010, -9.19709e-010, 4.59622e-009, 4.77517e-009, -3.18278e-009
4.71001, -1.59239e-009, 9.19708e-010, -9.19708e-010, 4.59622e-009, 4.77517e-009, -3.18278e-009
4.72001, -1.59239e-009, 9.19708e-010, -9.19708e-010, 4.59622e-009, 4.77517e-009, -3.18278e-009
4.73001, -1.59239e-009, 9.19708e-010, -9.19708e-010, 4.59622e-009, 4.77517e-009, -3.18278e-009
4.74001, -1.59239e-009, 9.19708e-010, -9.19708e-010, 4.59622e-009, 4.77517e-009, -3.18278e-009
4.75001, -1.59239e-009, 9.19708e-010, -9.19708e-010, 4.59622e-009, 4.77517e-009, -3.18278e-009
4.76001, -1.59239e-009, 9.19707e-010, -9.19707e-010, 4.59622e-009, 4.77517e-009, -3.18278e-009
4.77001, -1.59239e-009, 9.19707e-010, -9.19707e-010, 4.59622e-009, 4.77517e-009, -3.18278e-009
4.78001, -1.59239e-009, 9.19707e-010, -9.19707e-010, 4.59622e-009, 4.77517e-009, -3.18278e-009
4.79001, -1.59239e-009, 9.19707e-010, -9.19707e-010, 4.59622e-009, 4.77517e-009, -3.18278e-009
4.80001, -1.59239e-009, 9.19707e-010, -9.19707e-010, 4.59622e-009, 4.77517e-009, -3.18278e-009
4.81002, -1.59239e-009, 9.19707e-010, -9.19707e-010, 4.59622e-009, 4.77517e-009, -3.18278e-009
4.82002, -1.59239e-009, 9.19706e-010, -9.19706e-010, 4.59622e-009, 4.77517e-009, -3.18278e-009
4.83002, -1.59239e-009, 9.19706e-010, -9.19706e-010, 4.59622e-009, 4.77517e-009, -3.18278e-009
4.84002, -1.59239e-009, 9.19706e-010, -9.19706e-010, 4.59622e-009, 4.77517e-009, -3.18278e-009
4.85002, -1.59239e-009, 9.19706e-010, -9.19706e-010, 4.59622e-009, 4.77517e-009, -3.18278e-009
4.86002, -1.59239e-009, 9.19706e-010, -9.19706e-010, 4.59622e-009, 4.77517e-009, -3.18278e-009
4.87002, -1.59239e-009, 9.19705e-010, -9.19705e-010, 4.59622e-009, 4.77517e-009, -3.18278e-009
4.88002, -1.59239e-009, 9.19705e-010, -9.19705e-010, 4.59622e-009, 4.77517e-009, -3.18278e-009
4.89002, -1.59239e-009, 9.19705e-010, -9.19705e-010, 4.59622e-009, 4.77517e-009, -3.18278e-009
4.90002, -1.59239e-009, 9.19705e-010, -9.19705e-010, 4.59622e-009, 4.77517e-009, -3.18278e-009
4.91002, -1.59239e-009, 9.19705e-010, -9.19705e-010, 4.59622e-009, 4.77517e-009, -3.18278e-009
4.92002, -1.59239e-009, 9.19705e-010, -9.19705e-010, 4.59622e-009, 4.77517e-009, -3.18278e-009
4.93002, -1.59239e-009, 9.19705e-010, -9.19705e-010, 4.59622e-009, 4.77517e-009, -3.18278e-009
4.94002, -1.59239e-009, 9.19705e-010, -9.19705e-010, 4.59622e-009, 4.77517e-009, -3.18278e-009
4.95002, -1.59239e-009, 9.19704e-010, -9.19704e-010, 4.59621e-009, 4.77517e-009, -3.18278e-009
4.96002, -1.59239e-009, 9.19704e-010, -9.19704e-010, 4.59621e-009, 4.77517e-009, -3.18278e-009
4.97002, -1.59239e-009, 9.19704e-010, -9.19704e-010, 4.59621e-009, 4.77517e-009, -3.18278e-009
4.98002, -1.59239e-009, 9.19704e-010, -9.19704e-010, 4.59621e-009, 4.77517e-009, -3.18278e-009
4.99002, -1.59239e-009, 9.19703e-010, -9.19703e-010, 4.59621e-009, 4.77516e-009, -3.18278e-009
